#
# There is insufficient memory for the Java Runtime Environment to continue.
# Native memory allocation (malloc) failed to allocate 1048576 bytes. Error detail: AllocateHeap
# Possible reasons:
#   The system is out of physical RAM or swap space
#   This process is running with CompressedOops enabled, and the Java Heap may be blocking the growth of the native heap
# Possible solutions:
#   Reduce memory load on the system
#   Increase physical memory or swap space
#   Check if swap backing store is full
#   Decrease Java heap size (-Xmx/-Xms)
#   Decrease number of Java threads
#   Decrease Java thread stack sizes (-Xss)
#   Set larger code cache with -XX:ReservedCodeCacheSize=
#   JVM is running with Unscaled Compressed Oops mode in which the Java heap is
#     placed in the first 4GB address space. The Java Heap base address is the
#     maximum limit for the native heap growth. Please use -XX:HeapBaseMinAddress
#     to set the Java Heap base and to place the Java Heap above 4GB virtual address.
# This output file may be truncated or incomplete.
#
#  Out of Memory Error (allocation.cpp:44), pid=1500, tid=17004
#
# JRE version: OpenJDK Runtime Environment (23.0.2+7) (build 23.0.2+7-58)
# Java VM: OpenJDK 64-Bit Server VM (23.0.2+7-58, mixed mode, emulated-client, sharing, tiered, compressed oops, compressed class ptrs, g1 gc, windows-amd64)
# No core dump will be written. Minidumps are not enabled by default on client versions of Windows
#

---------------  S U M M A R Y ------------

Command Line: -XX:TieredStopAtLevel=1 -Dspring.output.ansi.enabled=always -javaagent:C:\Program Files\JetBrains\IntelliJ IDEA 2025.3.4\lib\idea_rt.jar=51177 -Dfile.encoding=UTF-8 -Dsun.stdout.encoding=UTF-8 -Dsun.stderr.encoding=UTF-8 org.example.gestionhuilerieback.GestionHuilerieBackApplication

Host: 12th Gen Intel(R) Core(TM) i5-1235U, 12 cores, 7G,  Windows 11 , 64 bit Build 26100 (10.0.26100.8289)
Time: Tue Apr 28 00:46:32 2026 W. Central Africa Standard Time elapsed time: 18017.658148 seconds (0d 5h 0m 17s)

---------------  T H R E A D  ---------------

Current thread (0x000001c4e93689f0):  VMThread "VM Thread"          [id=17004, stack(0x000000b352700000,0x000000b352800000) (1024K)]

Stack: [0x000000b352700000,0x000000b352800000]
Native frames: (J=compiled Java code, j=interpreted, Vv=VM code, C=native code)
V  [jvm.dll+0x6e0b99]  (no source info available)
V  [jvm.dll+0x87e2b3]  (no source info available)
V  [jvm.dll+0x88073e]  (no source info available)
V  [jvm.dll+0x880e13]  (no source info available)
V  [jvm.dll+0x27b006]  (no source info available)
V  [jvm.dll+0xb6a17]  (no source info available)
V  [jvm.dll+0x34559e]  (no source info available)
V  [jvm.dll+0x340339]  (no source info available)
V  [jvm.dll+0x328602]  (no source info available)
V  [jvm.dll+0x372cf4]  (no source info available)
V  [jvm.dll+0x886d50]  (no source info available)
V  [jvm.dll+0x888077]  (no source info available)
V  [jvm.dll+0x8885a8]  (no source info available)
V  [jvm.dll+0x888843]  (no source info available)
V  [jvm.dll+0x8254cb]  (no source info available)
V  [jvm.dll+0x6df345]  (no source info available)
C  [ucrtbase.dll+0x2cd30]  (no source info available)
C  [KERNEL32.DLL+0x2e957]  (no source info available)
C  [ntdll.dll+0x879fc]  (no source info available)

VM_Operation (0x000000b351dff180): G1CollectFull, mode: safepoint, requested by thread 0x000001c4cd1802e0


---------------  P R O C E S S  ---------------

Threads class SMR info:
_java_thread_list=0x000001c4cd085cb0, length=13, elements={
0x000001c4c5015190, 0x000001c4c5016c00, 0x000001c4c5018ee0, 0x000001c4c5019940,
0x000001c4c501a3a0, 0x000001c4c501ce10, 0x000001c4c501d9a0, 0x000001c4c5114190,
0x000001c4c55b1030, 0x000001c4c55b2a10, 0x000001c4c7199000, 0x000001c4cd17bab0,
0x000001c4cd1802e0
}

Java Threads: ( => current thread )
  0x000001c4c5015190 JavaThread "Reference Handler"          daemon [_thread_blocked, id=3440, stack(0x000000b352800000,0x000000b352900000) (1024K)]
  0x000001c4c5016c00 JavaThread "Finalizer"                  daemon [_thread_blocked, id=10356, stack(0x000000b352900000,0x000000b352a00000) (1024K)]
  0x000001c4c5018ee0 JavaThread "Signal Dispatcher"          daemon [_thread_blocked, id=1216, stack(0x000000b352a00000,0x000000b352b00000) (1024K)]
  0x000001c4c5019940 JavaThread "Attach Listener"            daemon [_thread_blocked, id=24328, stack(0x000000b352b00000,0x000000b352c00000) (1024K)]
  0x000001c4c501a3a0 JavaThread "Service Thread"             daemon [_thread_blocked, id=19864, stack(0x000000b352c00000,0x000000b352d00000) (1024K)]
  0x000001c4c501ce10 JavaThread "Monitor Deflation Thread"   daemon [_thread_blocked, id=22388, stack(0x000000b352d00000,0x000000b352e00000) (1024K)]
  0x000001c4c501d9a0 JavaThread "C1 CompilerThread0"         daemon [_thread_blocked, id=18108, stack(0x000000b352e00000,0x000000b352f00000) (1024K)]
  0x000001c4c5114190 JavaThread "Common-Cleaner"             daemon [_thread_blocked, id=21048, stack(0x000000b352f00000,0x000000b353000000) (1024K)]
  0x000001c4c55b1030 JavaThread "Monitor Ctrl-Break"         daemon [_thread_in_native, id=7624, stack(0x000000b353200000,0x000000b353300000) (1024K)]
  0x000001c4c55b2a10 JavaThread "Notification Thread"        daemon [_thread_blocked, id=9252, stack(0x000000b353300000,0x000000b353400000) (1024K)]
  0x000001c4c7199000 JavaThread "mysql-cj-abandoned-connection-cleanup" daemon [_thread_blocked, id=7328, stack(0x000000b353f00000,0x000000b354000000) (1024K)]
  0x000001c4cd17bab0 JavaThread "DestroyJavaVM"                     [_thread_blocked, id=4696, stack(0x000000b352000000,0x000000b352100000) (1024K)]
  0x000001c4cd1802e0 JavaThread "Thread-1"                          [_thread_blocked, id=10260, stack(0x000000b351d00000,0x000000b351e00000) (1024K)]
Total: 13

Other Threads:
=>0x000001c4e93689f0 VMThread "VM Thread"                           [id=17004, stack(0x000000b352700000,0x000000b352800000) (1024K)]
  0x000001c4e9351780 WatcherThread "VM Periodic Task Thread"        [id=24264, stack(0x000000b352600000,0x000000b352700000) (1024K)]
  0x000001c4d69e39d0 WorkerThread "GC Thread#0"                     [id=9200, stack(0x000000b352100000,0x000000b352200000) (1024K)]
  0x000001c4c5bbf060 WorkerThread "GC Thread#1"                     [id=1372, stack(0x000000b353500000,0x000000b353600000) (1024K)]
  0x000001c4c5bdfe10 WorkerThread "GC Thread#2"                     [id=8388, stack(0x000000b353600000,0x000000b353700000) (1024K)]
  0x000001c4c5be09d0 WorkerThread "GC Thread#3"                     [id=24452, stack(0x000000b353700000,0x000000b353800000) (1024K)]
  0x000001c4c5be0d80 WorkerThread "GC Thread#4"                     [id=23588, stack(0x000000b353800000,0x000000b353900000) (1024K)]
  0x000001c4c5be1130 WorkerThread "GC Thread#5"                     [id=23088, stack(0x000000b353900000,0x000000b353a00000) (1024K)]
  0x000001c4c5be14e0 WorkerThread "GC Thread#6"                     [id=16524, stack(0x000000b353a00000,0x000000b353b00000) (1024K)]
  0x000001c4c5f409d0 WorkerThread "GC Thread#7"                     [id=11340, stack(0x000000b353d00000,0x000000b353e00000) (1024K)]
  0x000001c4c5f40d80 WorkerThread "GC Thread#8"                     [id=24808, stack(0x000000b353e00000,0x000000b353f00000) (1024K)]
  0x000001c4c638c0a0 WorkerThread "GC Thread#9"                     [id=4540, stack(0x000000b354000000,0x000000b354100000) (1024K)]
  0x000001c4d6a15280 ConcurrentGCThread "G1 Main Marker"            [id=13756, stack(0x000000b352200000,0x000000b352300000) (1024K)]
  0x000001c4d6a196f0 WorkerThread "G1 Conc#0"                       [id=23680, stack(0x000000b352300000,0x000000b352400000) (1024K)]
  0x000001c4c638b1e0 WorkerThread "G1 Conc#1"                       [id=18340, stack(0x000000b354200000,0x000000b354300000) (1024K)]
  0x000001c4c638b590 WorkerThread "G1 Conc#2"                       [id=24852, stack(0x000000b354300000,0x000000b354400000) (1024K)]
  0x000001c4e9224a80 ConcurrentGCThread "G1 Refine#0"               [id=13928, stack(0x000000b352400000,0x000000b352500000) (1024K)]
  0x000001c4e92252b0 ConcurrentGCThread "G1 Service"                [id=2236, stack(0x000000b352500000,0x000000b352600000) (1024K)]
Total: 18

Threads with active compile tasks:
C1 CompilerThread0  18017874 16052  s    1       org.apache.catalina.util.LifecycleBase::setStateInternal (144 bytes)
Total: 1

VM state: at safepoint (normal execution)

VM Mutex/Monitor currently owned by a thread:  ([mutex/lock_event])
[0x00007ffe681b4888] Threads_lock - owner thread: 0x000001c4e93689f0
[0x00007ffe681b4988] Heap_lock - owner thread: 0x000001c4cd1802e0

Heap address: 0x0000000084400000, size: 1980 MB, Compressed Oops mode: 32-bit

CDS archive(s) mapped at: [0x000001c480000000-0x000001c480d70000-0x000001c480d70000), size 14090240, SharedBaseAddress: 0x000001c480000000, ArchiveRelocationMode: 1.
Compressed class space mapped at: 0x000001c481000000-0x000001c4c1000000, reserved size: 1073741824
Narrow klass base: 0x000001c480000000, Narrow klass shift: 0, Narrow klass range: 0x41000000

GC Precious Log:
 CardTable entry size: 512
 Card Set container configuration: InlinePtr #cards 5 size 8 Array Of Cards #cards 10 size 36 Howl #buckets 4 coarsen threshold 1843 Howl Bitmap #cards 512 size 80 coarsen threshold 460 Card regions per heap region 1 cards per card region 2048
 CPUs: 12 total, 12 available
 Memory: 7916M
 Large Page Support: Disabled
 NUMA Support: Disabled
 Compressed Oops: Enabled (32-bit)
 Heap Region Size: 1M
 Heap Min Capacity: 8M
 Heap Initial Capacity: 124M
 Heap Max Capacity: 1980M
 Pre-touch: Disabled
 Parallel Workers: 10
 Concurrent Workers: 3
 Concurrent Refinement Workers: 10
 Periodic GC: Disabled

Heap:
 garbage-first heap   total reserved 2027520K, committed 201728K, used 86210K [0x0000000084400000, 0x0000000100000000)
  region size 1024K, 30 young (30720K), 2 survivors (2048K)
 Metaspace       used 95343K, committed 96320K, reserved 1179648K
  class space    used 14313K, committed 14784K, reserved 1048576K

Heap Regions: E=young(eden), S=young(survivor), O=old, HS=humongous(starts), HC=humongous(continues), CS=collection set, F=free, TAMS=top-at-mark-start, PB=parsable bottom
|   0|0x0000000084400000, 0x0000000084500000, 0x0000000084500000|100%|HS|  |TAMS 0x0000000084400000| PB 0x0000000084400000| Complete |  0
|   1|0x0000000084500000, 0x0000000084600000, 0x0000000084600000|100%|HS|  |TAMS 0x0000000084500000| PB 0x0000000084500000| Complete |  0
|   2|0x0000000084600000, 0x0000000084700000, 0x0000000084700000|100%| O|  |TAMS 0x0000000084600000| PB 0x0000000084600000| Untracked |  0
|   3|0x0000000084700000, 0x0000000084800000, 0x0000000084800000|100%| O|  |TAMS 0x0000000084700000| PB 0x0000000084700000| Untracked |  0
|   4|0x0000000084800000, 0x0000000084900000, 0x0000000084900000|100%| O|  |TAMS 0x0000000084800000| PB 0x0000000084800000| Untracked |  0
|   5|0x0000000084900000, 0x0000000084a00000, 0x0000000084a00000|100%| O|  |TAMS 0x0000000084900000| PB 0x0000000084900000| Untracked |  0
|   6|0x0000000084a00000, 0x0000000084b00000, 0x0000000084b00000|100%| O|  |TAMS 0x0000000084a00000| PB 0x0000000084a00000| Untracked |  0
|   7|0x0000000084b00000, 0x0000000084c00000, 0x0000000084c00000|100%| O|  |TAMS 0x0000000084b00000| PB 0x0000000084b00000| Untracked |  0
|   8|0x0000000084c00000, 0x0000000084d00000, 0x0000000084d00000|100%| O|  |TAMS 0x0000000084c00000| PB 0x0000000084c00000| Untracked |  0
|   9|0x0000000084d00000, 0x0000000084e00000, 0x0000000084e00000|100%| O|  |TAMS 0x0000000084d00000| PB 0x0000000084d00000| Untracked |  0
|  10|0x0000000084e00000, 0x0000000084f00000, 0x0000000084f00000|100%| O|  |TAMS 0x0000000084e00000| PB 0x0000000084e00000| Untracked |  0
|  11|0x0000000084f00000, 0x0000000085000000, 0x0000000085000000|100%| O|  |TAMS 0x0000000084f00000| PB 0x0000000084f00000| Untracked |  0
|  12|0x0000000085000000, 0x0000000085100000, 0x0000000085100000|100%| O|  |TAMS 0x0000000085000000| PB 0x0000000085000000| Untracked |  0
|  13|0x0000000085100000, 0x0000000085200000, 0x0000000085200000|100%| O|  |TAMS 0x0000000085100000| PB 0x0000000085100000| Untracked |  0
|  14|0x0000000085200000, 0x0000000085300000, 0x0000000085300000|100%| O|  |TAMS 0x0000000085200000| PB 0x0000000085200000| Untracked |  0
|  15|0x0000000085300000, 0x0000000085400000, 0x0000000085400000|100%| O|  |TAMS 0x0000000085300000| PB 0x0000000085300000| Untracked |  0
|  16|0x0000000085400000, 0x0000000085500000, 0x0000000085500000|100%| O|  |TAMS 0x0000000085400000| PB 0x0000000085400000| Untracked |  0
|  17|0x0000000085500000, 0x0000000085600000, 0x0000000085600000|100%| O|  |TAMS 0x0000000085500000| PB 0x0000000085500000| Untracked |  0
|  18|0x0000000085600000, 0x0000000085700000, 0x0000000085700000|100%| O|  |TAMS 0x0000000085600000| PB 0x0000000085600000| Untracked |  0
|  19|0x0000000085700000, 0x0000000085800000, 0x0000000085800000|100%| O|  |TAMS 0x0000000085700000| PB 0x0000000085700000| Untracked |  0
|  20|0x0000000085800000, 0x0000000085900000, 0x0000000085900000|100%| O|  |TAMS 0x0000000085800000| PB 0x0000000085800000| Untracked |  0
|  21|0x0000000085900000, 0x0000000085a00000, 0x0000000085a00000|100%| O|Cm|TAMS 0x0000000085900000| PB 0x0000000085900000| Complete |  0
|  22|0x0000000085a00000, 0x0000000085b00000, 0x0000000085b00000|100%| O|  |TAMS 0x0000000085a00000| PB 0x0000000085a00000| Untracked |  0
|  23|0x0000000085b00000, 0x0000000085c00000, 0x0000000085c00000|100%| O|  |TAMS 0x0000000085b00000| PB 0x0000000085b00000| Untracked |  0
|  24|0x0000000085c00000, 0x0000000085d00000, 0x0000000085d00000|100%| O|  |TAMS 0x0000000085c00000| PB 0x0000000085c00000| Untracked |  0
|  25|0x0000000085d00000, 0x0000000085e00000, 0x0000000085e00000|100%| O|  |TAMS 0x0000000085d00000| PB 0x0000000085d00000| Untracked |  0
|  26|0x0000000085e00000, 0x0000000085f00000, 0x0000000085f00000|100%| O|  |TAMS 0x0000000085e00000| PB 0x0000000085e00000| Untracked |  0
|  27|0x0000000085f00000, 0x0000000086000000, 0x0000000086000000|100%| O|  |TAMS 0x0000000085f00000| PB 0x0000000085f00000| Untracked |  0
|  28|0x0000000086000000, 0x0000000086100000, 0x0000000086100000|100%| O|Cm|TAMS 0x0000000086000000| PB 0x0000000086000000| Complete |  0
|  29|0x0000000086100000, 0x0000000086200000, 0x0000000086200000|100%| O|  |TAMS 0x0000000086100000| PB 0x0000000086100000| Untracked |  0
|  30|0x0000000086200000, 0x0000000086300000, 0x0000000086300000|100%| O|  |TAMS 0x0000000086200000| PB 0x0000000086200000| Untracked |  0
|  31|0x0000000086300000, 0x0000000086400000, 0x0000000086400000|100%| O|Cm|TAMS 0x0000000086300000| PB 0x0000000086300000| Complete |  0
|  32|0x0000000086400000, 0x0000000086500000, 0x0000000086500000|100%| O|  |TAMS 0x0000000086400000| PB 0x0000000086400000| Untracked |  0
|  33|0x0000000086500000, 0x0000000086600000, 0x0000000086600000|100%| O|  |TAMS 0x0000000086500000| PB 0x0000000086500000| Untracked |  0
|  34|0x0000000086600000, 0x0000000086700000, 0x0000000086700000|100%| O|Cm|TAMS 0x0000000086600000| PB 0x0000000086600000| Complete |  0
|  35|0x0000000086700000, 0x0000000086800000, 0x0000000086800000|100%| O|  |TAMS 0x0000000086700000| PB 0x0000000086700000| Untracked |  0
|  36|0x0000000086800000, 0x0000000086900000, 0x0000000086900000|100%| O|  |TAMS 0x0000000086800000| PB 0x0000000086800000| Untracked |  0
|  37|0x0000000086900000, 0x00000000869cd2b8, 0x0000000086a00000| 80%| O|  |TAMS 0x0000000086900000| PB 0x0000000086900000| Untracked |  0
|  38|0x0000000086a00000, 0x0000000086b00000, 0x0000000086b00000|100%| O|  |TAMS 0x0000000086a00000| PB 0x0000000086a00000| Untracked |  0
|  39|0x0000000086b00000, 0x0000000086c00000, 0x0000000086c00000|100%| O|  |TAMS 0x0000000086b00000| PB 0x0000000086b00000| Untracked |  0
|  40|0x0000000086c00000, 0x0000000086c00000, 0x0000000086d00000|  0%| F|  |TAMS 0x0000000086c00000| PB 0x0000000086c00000| Untracked |  0
|  41|0x0000000086d00000, 0x0000000086e00000, 0x0000000086e00000|100%| O|  |TAMS 0x0000000086d00000| PB 0x0000000086d00000| Untracked |  0
|  42|0x0000000086e00000, 0x0000000086f00000, 0x0000000086f00000|100%| O|  |TAMS 0x0000000086e00000| PB 0x0000000086e00000| Untracked |  0
|  43|0x0000000086f00000, 0x0000000086f00000, 0x0000000087000000|  0%| F|  |TAMS 0x0000000086f00000| PB 0x0000000086f00000| Untracked |  0
|  44|0x0000000087000000, 0x0000000087000000, 0x0000000087100000|  0%| F|  |TAMS 0x0000000087000000| PB 0x0000000087000000| Untracked |  0
|  45|0x0000000087100000, 0x0000000087116440, 0x0000000087200000|  8%| O|Cm|TAMS 0x0000000087100000| PB 0x0000000087100000| Complete |  0
|  46|0x0000000087200000, 0x0000000087300000, 0x0000000087300000|100%| O|  |TAMS 0x0000000087200000| PB 0x0000000087200000| Untracked |  0
|  47|0x0000000087300000, 0x0000000087400000, 0x0000000087400000|100%| O|  |TAMS 0x0000000087300000| PB 0x0000000087300000| Untracked |  0
|  48|0x0000000087400000, 0x0000000087500000, 0x0000000087500000|100%| O|  |TAMS 0x0000000087400000| PB 0x0000000087400000| Untracked |  0
|  49|0x0000000087500000, 0x0000000087600000, 0x0000000087600000|100%| O|  |TAMS 0x0000000087500000| PB 0x0000000087500000| Untracked |  0
|  50|0x0000000087600000, 0x0000000087700000, 0x0000000087700000|100%| O|  |TAMS 0x0000000087600000| PB 0x0000000087600000| Untracked |  0
|  51|0x0000000087700000, 0x0000000087800000, 0x0000000087800000|100%| O|  |TAMS 0x0000000087700000| PB 0x0000000087700000| Untracked |  0
|  52|0x0000000087800000, 0x0000000087900000, 0x0000000087900000|100%| O|  |TAMS 0x0000000087800000| PB 0x0000000087800000| Untracked |  0
|  53|0x0000000087900000, 0x0000000087a00000, 0x0000000087a00000|100%| O|  |TAMS 0x0000000087900000| PB 0x0000000087900000| Untracked |  0
|  54|0x0000000087a00000, 0x0000000087b00000, 0x0000000087b00000|100%| O|  |TAMS 0x0000000087a00000| PB 0x0000000087a00000| Untracked |  0
|  55|0x0000000087b00000, 0x0000000087b82688, 0x0000000087c00000| 50%| O|  |TAMS 0x0000000087b00000| PB 0x0000000087b00000| Untracked |  0
|  56|0x0000000087c00000, 0x0000000087c00000, 0x0000000087d00000|  0%| F|  |TAMS 0x0000000087c00000| PB 0x0000000087c00000| Untracked |  0
|  57|0x0000000087d00000, 0x0000000087d00000, 0x0000000087e00000|  0%| F|  |TAMS 0x0000000087d00000| PB 0x0000000087d00000| Untracked |  0
|  58|0x0000000087e00000, 0x0000000087e00000, 0x0000000087f00000|  0%| F|  |TAMS 0x0000000087e00000| PB 0x0000000087e00000| Untracked |  0
|  59|0x0000000087f00000, 0x0000000088000000, 0x0000000088000000|100%| O|  |TAMS 0x0000000087f00000| PB 0x0000000087f00000| Untracked |  0
|  60|0x0000000088000000, 0x0000000088000000, 0x0000000088100000|  0%| F|  |TAMS 0x0000000088000000| PB 0x0000000088000000| Untracked |  0
|  61|0x0000000088100000, 0x0000000088100000, 0x0000000088200000|  0%| F|  |TAMS 0x0000000088100000| PB 0x0000000088100000| Untracked |  0
|  62|0x0000000088200000, 0x0000000088200000, 0x0000000088300000|  0%| F|  |TAMS 0x0000000088200000| PB 0x0000000088200000| Untracked |  0
|  63|0x0000000088300000, 0x0000000088400000, 0x0000000088400000|100%| O|  |TAMS 0x0000000088300000| PB 0x0000000088300000| Untracked |  0
|  64|0x0000000088400000, 0x0000000088400000, 0x0000000088500000|  0%| F|  |TAMS 0x0000000088400000| PB 0x0000000088400000| Untracked |  0
|  65|0x0000000088500000, 0x0000000088500000, 0x0000000088600000|  0%| F|  |TAMS 0x0000000088500000| PB 0x0000000088500000| Untracked |  0
|  66|0x0000000088600000, 0x0000000088600000, 0x0000000088700000|  0%| F|  |TAMS 0x0000000088600000| PB 0x0000000088600000| Untracked |  0
|  67|0x0000000088700000, 0x0000000088700000, 0x0000000088800000|  0%| F|  |TAMS 0x0000000088700000| PB 0x0000000088700000| Untracked |  0
|  68|0x0000000088800000, 0x0000000088800000, 0x0000000088900000|  0%| F|  |TAMS 0x0000000088800000| PB 0x0000000088800000| Untracked |  0
|  69|0x0000000088900000, 0x0000000088900000, 0x0000000088a00000|  0%| F|  |TAMS 0x0000000088900000| PB 0x0000000088900000| Untracked |  0
|  70|0x0000000088a00000, 0x0000000088a00000, 0x0000000088b00000|  0%| F|  |TAMS 0x0000000088a00000| PB 0x0000000088a00000| Untracked |  0
|  71|0x0000000088b00000, 0x0000000088b00000, 0x0000000088c00000|  0%| F|  |TAMS 0x0000000088b00000| PB 0x0000000088b00000| Untracked |  0
|  72|0x0000000088c00000, 0x0000000088c00000, 0x0000000088d00000|  0%| F|  |TAMS 0x0000000088c00000| PB 0x0000000088c00000| Untracked |  0
|  73|0x0000000088d00000, 0x0000000088d00000, 0x0000000088e00000|  0%| F|  |TAMS 0x0000000088d00000| PB 0x0000000088d00000| Untracked |  0
|  74|0x0000000088e00000, 0x0000000088e00000, 0x0000000088f00000|  0%| F|  |TAMS 0x0000000088e00000| PB 0x0000000088e00000| Untracked |  0
|  75|0x0000000088f00000, 0x0000000088fcab40, 0x0000000089000000| 79%| S|CS|TAMS 0x0000000088f00000| PB 0x0000000088f00000| Complete |  0
|  76|0x0000000089000000, 0x0000000089000000, 0x0000000089100000|  0%| F|  |TAMS 0x0000000089000000| PB 0x0000000089000000| Untracked |  0
|  77|0x0000000089100000, 0x0000000089200000, 0x0000000089200000|100%| S|CS|TAMS 0x0000000089100000| PB 0x0000000089100000| Complete |  0
|  78|0x0000000089200000, 0x0000000089200000, 0x0000000089300000|  0%| F|  |TAMS 0x0000000089200000| PB 0x0000000089200000| Untracked |  0
|  79|0x0000000089300000, 0x0000000089300000, 0x0000000089400000|  0%| F|  |TAMS 0x0000000089300000| PB 0x0000000089300000| Untracked |  0
|  80|0x0000000089400000, 0x0000000089400000, 0x0000000089500000|  0%| F|  |TAMS 0x0000000089400000| PB 0x0000000089400000| Untracked |  0
|  81|0x0000000089500000, 0x0000000089600000, 0x0000000089600000|100%| O|  |TAMS 0x0000000089500000| PB 0x0000000089500000| Untracked |  0
|  82|0x0000000089600000, 0x0000000089600000, 0x0000000089700000|  0%| F|  |TAMS 0x0000000089600000| PB 0x0000000089600000| Untracked |  0
|  83|0x0000000089700000, 0x0000000089700000, 0x0000000089800000|  0%| F|  |TAMS 0x0000000089700000| PB 0x0000000089700000| Untracked |  0
|  84|0x0000000089800000, 0x0000000089800000, 0x0000000089900000|  0%| F|  |TAMS 0x0000000089800000| PB 0x0000000089800000| Untracked |  0
|  85|0x0000000089900000, 0x0000000089900000, 0x0000000089a00000|  0%| F|  |TAMS 0x0000000089900000| PB 0x0000000089900000| Untracked |  0
|  86|0x0000000089a00000, 0x0000000089a00000, 0x0000000089b00000|  0%| F|  |TAMS 0x0000000089a00000| PB 0x0000000089a00000| Untracked |  0
|  87|0x0000000089b00000, 0x0000000089b00000, 0x0000000089c00000|  0%| F|  |TAMS 0x0000000089b00000| PB 0x0000000089b00000| Untracked |  0
|  88|0x0000000089c00000, 0x0000000089c00000, 0x0000000089d00000|  0%| F|  |TAMS 0x0000000089c00000| PB 0x0000000089c00000| Untracked |  0
|  89|0x0000000089d00000, 0x0000000089d00000, 0x0000000089e00000|  0%| F|  |TAMS 0x0000000089d00000| PB 0x0000000089d00000| Untracked |  0
|  90|0x0000000089e00000, 0x0000000089e00000, 0x0000000089f00000|  0%| F|  |TAMS 0x0000000089e00000| PB 0x0000000089e00000| Untracked |  0
|  91|0x0000000089f00000, 0x0000000089f00000, 0x000000008a000000|  0%| F|  |TAMS 0x0000000089f00000| PB 0x0000000089f00000| Untracked |  0
|  92|0x000000008a000000, 0x000000008a000000, 0x000000008a100000|  0%| F|  |TAMS 0x000000008a000000| PB 0x000000008a000000| Untracked |  0
|  93|0x000000008a100000, 0x000000008a100000, 0x000000008a200000|  0%| F|  |TAMS 0x000000008a100000| PB 0x000000008a100000| Untracked |  0
|  94|0x000000008a200000, 0x000000008a200000, 0x000000008a300000|  0%| F|  |TAMS 0x000000008a200000| PB 0x000000008a200000| Untracked |  0
|  95|0x000000008a300000, 0x000000008a300000, 0x000000008a400000|  0%| F|  |TAMS 0x000000008a300000| PB 0x000000008a300000| Untracked |  0
|  96|0x000000008a400000, 0x000000008a400000, 0x000000008a500000|  0%| F|  |TAMS 0x000000008a400000| PB 0x000000008a400000| Untracked |  0
|  97|0x000000008a500000, 0x000000008a500000, 0x000000008a600000|  0%| F|  |TAMS 0x000000008a500000| PB 0x000000008a500000| Untracked |  0
|  98|0x000000008a600000, 0x000000008a600000, 0x000000008a700000|  0%| F|  |TAMS 0x000000008a600000| PB 0x000000008a600000| Untracked |  0
|  99|0x000000008a700000, 0x000000008a700000, 0x000000008a800000|  0%| F|  |TAMS 0x000000008a700000| PB 0x000000008a700000| Untracked |  0
| 100|0x000000008a800000, 0x000000008a800000, 0x000000008a900000|  0%| F|  |TAMS 0x000000008a800000| PB 0x000000008a800000| Untracked |  0
| 101|0x000000008a900000, 0x000000008a900000, 0x000000008aa00000|  0%| F|  |TAMS 0x000000008a900000| PB 0x000000008a900000| Untracked |  0
| 102|0x000000008aa00000, 0x000000008aa00000, 0x000000008ab00000|  0%| F|  |TAMS 0x000000008aa00000| PB 0x000000008aa00000| Untracked |  0
| 103|0x000000008ab00000, 0x000000008ab00000, 0x000000008ac00000|  0%| F|  |TAMS 0x000000008ab00000| PB 0x000000008ab00000| Untracked |  0
| 104|0x000000008ac00000, 0x000000008ac00000, 0x000000008ad00000|  0%| F|  |TAMS 0x000000008ac00000| PB 0x000000008ac00000| Untracked |  0
| 105|0x000000008ad00000, 0x000000008ad00000, 0x000000008ae00000|  0%| F|  |TAMS 0x000000008ad00000| PB 0x000000008ad00000| Untracked |  0
| 106|0x000000008ae00000, 0x000000008ae00000, 0x000000008af00000|  0%| F|  |TAMS 0x000000008ae00000| PB 0x000000008ae00000| Untracked |  0
| 107|0x000000008af00000, 0x000000008af00000, 0x000000008b000000|  0%| F|  |TAMS 0x000000008af00000| PB 0x000000008af00000| Untracked |  0
| 108|0x000000008b000000, 0x000000008b000000, 0x000000008b100000|  0%| F|  |TAMS 0x000000008b000000| PB 0x000000008b000000| Untracked |  0
| 109|0x000000008b100000, 0x000000008b100000, 0x000000008b200000|  0%| F|  |TAMS 0x000000008b100000| PB 0x000000008b100000| Untracked |  0
| 110|0x000000008b200000, 0x000000008b200000, 0x000000008b300000|  0%| F|  |TAMS 0x000000008b200000| PB 0x000000008b200000| Untracked |  0
| 111|0x000000008b300000, 0x000000008b400000, 0x000000008b400000|100%| O|  |TAMS 0x000000008b300000| PB 0x000000008b300000| Untracked |  0
| 112|0x000000008b400000, 0x000000008b400000, 0x000000008b500000|  0%| F|  |TAMS 0x000000008b400000| PB 0x000000008b400000| Untracked |  0
| 113|0x000000008b500000, 0x000000008b500000, 0x000000008b600000|  0%| F|  |TAMS 0x000000008b500000| PB 0x000000008b500000| Untracked |  0
| 114|0x000000008b600000, 0x000000008b600000, 0x000000008b700000|  0%| F|  |TAMS 0x000000008b600000| PB 0x000000008b600000| Untracked |  0
| 115|0x000000008b700000, 0x000000008b700000, 0x000000008b800000|  0%| F|  |TAMS 0x000000008b700000| PB 0x000000008b700000| Untracked |  0
| 116|0x000000008b800000, 0x000000008b800000, 0x000000008b900000|  0%| F|  |TAMS 0x000000008b800000| PB 0x000000008b800000| Untracked |  0
| 117|0x000000008b900000, 0x000000008b900000, 0x000000008ba00000|  0%| F|  |TAMS 0x000000008b900000| PB 0x000000008b900000| Untracked |  0
| 118|0x000000008ba00000, 0x000000008ba00000, 0x000000008bb00000|  0%| F|  |TAMS 0x000000008ba00000| PB 0x000000008ba00000| Untracked |  0
| 119|0x000000008bb00000, 0x000000008bb00000, 0x000000008bc00000|  0%| F|  |TAMS 0x000000008bb00000| PB 0x000000008bb00000| Untracked |  0
| 120|0x000000008bc00000, 0x000000008bc00000, 0x000000008bd00000|  0%| F|  |TAMS 0x000000008bc00000| PB 0x000000008bc00000| Untracked |  0
| 121|0x000000008bd00000, 0x000000008bd00000, 0x000000008be00000|  0%| F|  |TAMS 0x000000008bd00000| PB 0x000000008bd00000| Untracked |  0
| 122|0x000000008be00000, 0x000000008be00000, 0x000000008bf00000|  0%| F|  |TAMS 0x000000008be00000| PB 0x000000008be00000| Untracked |  0
| 123|0x000000008bf00000, 0x000000008bf00000, 0x000000008c000000|  0%| F|  |TAMS 0x000000008bf00000| PB 0x000000008bf00000| Untracked |  0
| 124|0x000000008c000000, 0x000000008c000000, 0x000000008c100000|  0%| F|  |TAMS 0x000000008c000000| PB 0x000000008c000000| Untracked |  0
| 125|0x000000008c100000, 0x000000008c100000, 0x000000008c200000|  0%| F|  |TAMS 0x000000008c100000| PB 0x000000008c100000| Untracked |  0
| 126|0x000000008c200000, 0x000000008c200000, 0x000000008c300000|  0%| F|  |TAMS 0x000000008c200000| PB 0x000000008c200000| Untracked |  0
| 127|0x000000008c300000, 0x000000008c300000, 0x000000008c400000|  0%| F|  |TAMS 0x000000008c300000| PB 0x000000008c300000| Untracked |  0
| 128|0x000000008c400000, 0x000000008c400000, 0x000000008c500000|  0%| F|  |TAMS 0x000000008c400000| PB 0x000000008c400000| Untracked |  0
| 129|0x000000008c500000, 0x000000008c500000, 0x000000008c600000|  0%| F|  |TAMS 0x000000008c500000| PB 0x000000008c500000| Untracked |  0
| 130|0x000000008c600000, 0x000000008c600000, 0x000000008c700000|  0%| F|  |TAMS 0x000000008c600000| PB 0x000000008c600000| Untracked |  0
| 131|0x000000008c700000, 0x000000008c700000, 0x000000008c800000|  0%| F|  |TAMS 0x000000008c700000| PB 0x000000008c700000| Untracked |  0
| 132|0x000000008c800000, 0x000000008c800000, 0x000000008c900000|  0%| F|  |TAMS 0x000000008c800000| PB 0x000000008c800000| Untracked |  0
| 133|0x000000008c900000, 0x000000008c900000, 0x000000008ca00000|  0%| F|  |TAMS 0x000000008c900000| PB 0x000000008c900000| Untracked |  0
| 134|0x000000008ca00000, 0x000000008ca00000, 0x000000008cb00000|  0%| F|  |TAMS 0x000000008ca00000| PB 0x000000008ca00000| Untracked |  0
| 135|0x000000008cb00000, 0x000000008cb00000, 0x000000008cc00000|  0%| F|  |TAMS 0x000000008cb00000| PB 0x000000008cb00000| Untracked |  0
| 136|0x000000008cc00000, 0x000000008cc00000, 0x000000008cd00000|  0%| F|  |TAMS 0x000000008cc00000| PB 0x000000008cc00000| Untracked |  0
| 137|0x000000008cd00000, 0x000000008cd00000, 0x000000008ce00000|  0%| F|  |TAMS 0x000000008cd00000| PB 0x000000008cd00000| Untracked |  0
| 138|0x000000008ce00000, 0x000000008ce00000, 0x000000008cf00000|  0%| F|  |TAMS 0x000000008ce00000| PB 0x000000008ce00000| Untracked |  0
| 139|0x000000008cf00000, 0x000000008cf00000, 0x000000008d000000|  0%| F|  |TAMS 0x000000008cf00000| PB 0x000000008cf00000| Untracked |  0
| 140|0x000000008d000000, 0x000000008d000000, 0x000000008d100000|  0%| F|  |TAMS 0x000000008d000000| PB 0x000000008d000000| Untracked |  0
| 141|0x000000008d100000, 0x000000008d100000, 0x000000008d200000|  0%| F|  |TAMS 0x000000008d100000| PB 0x000000008d100000| Untracked |  0
| 142|0x000000008d200000, 0x000000008d200000, 0x000000008d300000|  0%| F|  |TAMS 0x000000008d200000| PB 0x000000008d200000| Untracked |  0
| 143|0x000000008d300000, 0x000000008d300000, 0x000000008d400000|  0%| F|  |TAMS 0x000000008d300000| PB 0x000000008d300000| Untracked |  0
| 144|0x000000008d400000, 0x000000008d400000, 0x000000008d500000|  0%| F|  |TAMS 0x000000008d400000| PB 0x000000008d400000| Untracked |  0
| 145|0x000000008d500000, 0x000000008d500000, 0x000000008d600000|  0%| F|  |TAMS 0x000000008d500000| PB 0x000000008d500000| Untracked |  0
| 146|0x000000008d600000, 0x000000008d600000, 0x000000008d700000|  0%| F|  |TAMS 0x000000008d600000| PB 0x000000008d600000| Untracked |  0
| 147|0x000000008d700000, 0x000000008d700000, 0x000000008d800000|  0%| F|  |TAMS 0x000000008d700000| PB 0x000000008d700000| Untracked |  0
| 148|0x000000008d800000, 0x000000008d800000, 0x000000008d900000|  0%| F|  |TAMS 0x000000008d800000| PB 0x000000008d800000| Untracked |  0
| 149|0x000000008d900000, 0x000000008d900000, 0x000000008da00000|  0%| F|  |TAMS 0x000000008d900000| PB 0x000000008d900000| Untracked |  0
| 150|0x000000008da00000, 0x000000008da00000, 0x000000008db00000|  0%| F|  |TAMS 0x000000008da00000| PB 0x000000008da00000| Untracked |  0
| 151|0x000000008db00000, 0x000000008db00000, 0x000000008dc00000|  0%| F|  |TAMS 0x000000008db00000| PB 0x000000008db00000| Untracked |  0
| 152|0x000000008dc00000, 0x000000008dc00000, 0x000000008dd00000|  0%| F|  |TAMS 0x000000008dc00000| PB 0x000000008dc00000| Untracked |  0
| 153|0x000000008dd00000, 0x000000008dd00000, 0x000000008de00000|  0%| F|  |TAMS 0x000000008dd00000| PB 0x000000008dd00000| Untracked |  0
| 154|0x000000008de00000, 0x000000008de00000, 0x000000008df00000|  0%| F|  |TAMS 0x000000008de00000| PB 0x000000008de00000| Untracked |  0
| 155|0x000000008df00000, 0x000000008df00000, 0x000000008e000000|  0%| F|  |TAMS 0x000000008df00000| PB 0x000000008df00000| Untracked |  0
| 156|0x000000008e000000, 0x000000008e000000, 0x000000008e100000|  0%| F|  |TAMS 0x000000008e000000| PB 0x000000008e000000| Untracked |  0
| 157|0x000000008e100000, 0x000000008e100000, 0x000000008e200000|  0%| F|  |TAMS 0x000000008e100000| PB 0x000000008e100000| Untracked |  0
| 158|0x000000008e200000, 0x000000008e200000, 0x000000008e300000|  0%| F|  |TAMS 0x000000008e200000| PB 0x000000008e200000| Untracked |  0
| 159|0x000000008e300000, 0x000000008e300000, 0x000000008e400000|  0%| F|  |TAMS 0x000000008e300000| PB 0x000000008e300000| Untracked |  0
| 160|0x000000008e400000, 0x000000008e400000, 0x000000008e500000|  0%| F|  |TAMS 0x000000008e400000| PB 0x000000008e400000| Untracked |  0
| 161|0x000000008e500000, 0x000000008e500000, 0x000000008e600000|  0%| F|  |TAMS 0x000000008e500000| PB 0x000000008e500000| Untracked |  0
| 162|0x000000008e600000, 0x000000008e600000, 0x000000008e700000|  0%| F|  |TAMS 0x000000008e600000| PB 0x000000008e600000| Untracked |  0
| 163|0x000000008e700000, 0x000000008e700000, 0x000000008e800000|  0%| F|  |TAMS 0x000000008e700000| PB 0x000000008e700000| Untracked |  0
| 164|0x000000008e800000, 0x000000008e800000, 0x000000008e900000|  0%| F|  |TAMS 0x000000008e800000| PB 0x000000008e800000| Untracked |  0
| 165|0x000000008e900000, 0x000000008e900000, 0x000000008ea00000|  0%| F|  |TAMS 0x000000008e900000| PB 0x000000008e900000| Untracked |  0
| 166|0x000000008ea00000, 0x000000008ea00000, 0x000000008eb00000|  0%| F|  |TAMS 0x000000008ea00000| PB 0x000000008ea00000| Untracked |  0
| 167|0x000000008eb00000, 0x000000008eb00000, 0x000000008ec00000|  0%| F|  |TAMS 0x000000008eb00000| PB 0x000000008eb00000| Untracked |  0
| 168|0x000000008ec00000, 0x000000008ec00000, 0x000000008ed00000|  0%| F|  |TAMS 0x000000008ec00000| PB 0x000000008ec00000| Untracked |  0
| 169|0x000000008ed00000, 0x000000008eda79e0, 0x000000008ee00000| 65%| E|  |TAMS 0x000000008ed00000| PB 0x000000008ed00000| Complete |  0
| 170|0x000000008ee00000, 0x000000008ef00000, 0x000000008ef00000|100%| E|CS|TAMS 0x000000008ee00000| PB 0x000000008ee00000| Complete |  0
| 171|0x000000008ef00000, 0x000000008f000000, 0x000000008f000000|100%| E|CS|TAMS 0x000000008ef00000| PB 0x000000008ef00000| Complete |  0
| 172|0x000000008f000000, 0x000000008f100000, 0x000000008f100000|100%| E|CS|TAMS 0x000000008f000000| PB 0x000000008f000000| Complete |  0
| 173|0x000000008f100000, 0x000000008f200000, 0x000000008f200000|100%| E|CS|TAMS 0x000000008f100000| PB 0x000000008f100000| Complete |  0
| 174|0x000000008f200000, 0x000000008f300000, 0x000000008f300000|100%| E|CS|TAMS 0x000000008f200000| PB 0x000000008f200000| Complete |  0
| 175|0x000000008f300000, 0x000000008f400000, 0x000000008f400000|100%| E|CS|TAMS 0x000000008f300000| PB 0x000000008f300000| Complete |  0
| 176|0x000000008f400000, 0x000000008f500000, 0x000000008f500000|100%| E|CS|TAMS 0x000000008f400000| PB 0x000000008f400000| Complete |  0
| 177|0x000000008f500000, 0x000000008f600000, 0x000000008f600000|100%| E|CS|TAMS 0x000000008f500000| PB 0x000000008f500000| Complete |  0
| 178|0x000000008f600000, 0x000000008f700000, 0x000000008f700000|100%| E|CS|TAMS 0x000000008f600000| PB 0x000000008f600000| Complete |  0
| 179|0x000000008f700000, 0x000000008f800000, 0x000000008f800000|100%| E|CS|TAMS 0x000000008f700000| PB 0x000000008f700000| Complete |  0
| 180|0x000000008f800000, 0x000000008f900000, 0x000000008f900000|100%| E|CS|TAMS 0x000000008f800000| PB 0x000000008f800000| Complete |  0
| 181|0x000000008f900000, 0x000000008fa00000, 0x000000008fa00000|100%| E|CS|TAMS 0x000000008f900000| PB 0x000000008f900000| Complete |  0
| 182|0x000000008fa00000, 0x000000008fb00000, 0x000000008fb00000|100%| E|CS|TAMS 0x000000008fa00000| PB 0x000000008fa00000| Complete |  0
| 183|0x000000008fb00000, 0x000000008fc00000, 0x000000008fc00000|100%| E|CS|TAMS 0x000000008fb00000| PB 0x000000008fb00000| Complete |  0
| 184|0x000000008fc00000, 0x000000008fd00000, 0x000000008fd00000|100%| E|CS|TAMS 0x000000008fc00000| PB 0x000000008fc00000| Complete |  0
| 185|0x000000008fd00000, 0x000000008fe00000, 0x000000008fe00000|100%| E|CS|TAMS 0x000000008fd00000| PB 0x000000008fd00000| Complete |  0
| 186|0x000000008fe00000, 0x000000008ff00000, 0x000000008ff00000|100%| E|CS|TAMS 0x000000008fe00000| PB 0x000000008fe00000| Complete |  0
| 187|0x000000008ff00000, 0x0000000090000000, 0x0000000090000000|100%| E|CS|TAMS 0x000000008ff00000| PB 0x000000008ff00000| Complete |  0
| 188|0x0000000090000000, 0x0000000090100000, 0x0000000090100000|100%| E|CS|TAMS 0x0000000090000000| PB 0x0000000090000000| Complete |  0
| 189|0x0000000090100000, 0x0000000090200000, 0x0000000090200000|100%| E|CS|TAMS 0x0000000090100000| PB 0x0000000090100000| Complete |  0
| 190|0x0000000090200000, 0x0000000090300000, 0x0000000090300000|100%| E|CS|TAMS 0x0000000090200000| PB 0x0000000090200000| Complete |  0
| 191|0x0000000090300000, 0x0000000090400000, 0x0000000090400000|100%| E|CS|TAMS 0x0000000090300000| PB 0x0000000090300000| Complete |  0
| 192|0x0000000090400000, 0x0000000090500000, 0x0000000090500000|100%| E|CS|TAMS 0x0000000090400000| PB 0x0000000090400000| Complete |  0
| 193|0x0000000090500000, 0x0000000090600000, 0x0000000090600000|100%| E|CS|TAMS 0x0000000090500000| PB 0x0000000090500000| Complete |  0
| 194|0x0000000090600000, 0x0000000090700000, 0x0000000090700000|100%| E|CS|TAMS 0x0000000090600000| PB 0x0000000090600000| Complete |  0
| 195|0x0000000090700000, 0x0000000090800000, 0x0000000090800000|100%| E|CS|TAMS 0x0000000090700000| PB 0x0000000090700000| Complete |  0
|1979|0x00000000fff00000, 0x0000000100000000, 0x0000000100000000|100%| E|CS|TAMS 0x00000000fff00000| PB 0x00000000fff00000| Complete |  0

Card table byte_map: [0x000001c4e49e0000,0x000001c4e4dc0000] _byte_map_base: 0x000001c4e45be000

Marking Bits: (CMBitMap*) 0x000001c4d69e40e0
 Bits: [0x000001c4e4dc0000, 0x000001c4e6cb0000)

Polling page: 0x000001c4d6a50000

Metaspace:

Usage:
  Non-class:     79.13 MB used.
      Class:     13.98 MB used.
       Both:     93.11 MB used.

Virtual space:
  Non-class space:      128.00 MB reserved,      79.62 MB ( 62%) committed,  2 nodes.
      Class space:        1.00 GB reserved,      14.44 MB (  1%) committed,  1 nodes.
             Both:        1.12 GB reserved,      94.06 MB (  8%) committed. 

Chunk freelists:
   Non-Class:  343.00 KB
       Class:  1.56 MB
        Both:  1.89 MB

MaxMetaspaceSize: unlimited
CompressedClassSpaceSize: 1.00 GB
Initial GC threshold: 21.00 MB
Current GC threshold: 155.94 MB
CDS: on
 - commit_granule_bytes: 65536.
 - commit_granule_words: 8192.
 - virtual_space_node_default_size: 8388608.
 - enlarge_chunks_in_place: 1.
 - use_allocation_guard: 0.


Internal statistics:

num_allocs_failed_limit: 9.
num_arena_births: 2044.
num_arena_deaths: 562.
num_vsnodes_births: 3.
num_vsnodes_deaths: 0.
num_space_committed: 1505.
num_space_uncommitted: 0.
num_chunks_returned_to_freelist: 638.
num_chunks_taken_from_freelist: 5809.
num_chunk_merges: 156.
num_chunk_splits: 4004.
num_chunks_enlarged: 3029.
num_inconsistent_stats: 0.

CodeCache: size=49152Kb used=13154Kb max_used=19546Kb free=35998Kb
 bounds [0x000001c4e0b00000, 0x000001c4e1e90000, 0x000001c4e3b00000]
 total_blobs=9926, nmethods=9147, adapters=702, full_count=0
Compilation: enabled, stopped_count=0, restarted_count=0

Compilation events (20 events):
Event: 18016.238 Thread 0x000001c4c501d9a0 16043       1       org.springframework.beans.factory.support.DefaultListableBeanFactory$$Lambda/0x000001c4811d64f0::test (12 bytes)
Event: 18016.238 Thread 0x000001c4c501d9a0 nmethod 16043 0x000001c4e19f7188 code [0x000001c4e19f72a0, 0x000001c4e19f73f8]
Event: 18016.238 Thread 0x000001c4c501d9a0 16044       1       org.springframework.beans.factory.support.DefaultListableBeanFactory::lambda$removeManualSingletonName$1 (8 bytes)
Event: 18016.239 Thread 0x000001c4c501d9a0 nmethod 16044 0x000001c4e19f9d88 code [0x000001c4e19f9ea0, 0x000001c4e19f9f78]
Event: 18016.239 Thread 0x000001c4c501d9a0 16046       1       org.springframework.beans.factory.support.AbstractBeanFactory::hasBeanCreationStarted (18 bytes)
Event: 18016.240 Thread 0x000001c4c501d9a0 nmethod 16046 0x000001c4e19fbe08 code [0x000001c4e19fbf20, 0x000001c4e19fc028]
Event: 18016.240 Thread 0x000001c4c501d9a0 16047       1       java.util.concurrent.ConcurrentHashMap$CollectionView::isEmpty (8 bytes)
Event: 18016.250 Thread 0x000001c4c501d9a0 nmethod 16047 0x000001c4e1a06488 code [0x000001c4e1a065a0, 0x000001c4e1a066b0]
Event: 18016.250 Thread 0x000001c4c501d9a0 16040       1       org.springframework.beans.factory.support.DefaultListableBeanFactory::removeManualSingletonName (17 bytes)
Event: 18016.254 Thread 0x000001c4c501d9a0 nmethod 16040 0x000001c4e1690388 code [0x000001c4e16904e0, 0x000001c4e1690728]
Event: 18016.335 Thread 0x000001c4c501d9a0 16048   !   1       org.springframework.util.ConcurrentReferenceHashMap$Segment::clear (69 bytes)
Event: 18016.350 Thread 0x000001c4c501d9a0 nmethod 16048 0x000001c4e143f688 code [0x000001c4e143f820, 0x000001c4e143fcc0]
Event: 18016.357 Thread 0x000001c4c501d9a0 16049       1       java.time.Instant::now (4 bytes)
Event: 18016.358 Thread 0x000001c4c501d9a0 nmethod 16049 0x000001c4e1a08408 code [0x000001c4e1a08520, 0x000001c4e1a085e0]
Event: 18016.428 Thread 0x000001c4c501d9a0 16050       1       java.util.concurrent.ConcurrentHashMap::mappingCount (17 bytes)
Event: 18016.429 Thread 0x000001c4c501d9a0 nmethod 16050 0x000001c4e1a9d388 code [0x000001c4e1a9d4a0, 0x000001c4e1a9d598]
Event: 18016.604 Thread 0x000001c4c501d9a0 16051       1       org.apache.juli.logging.DirectJDKLog::isDebugEnabled (11 bytes)
Event: 18016.612 Thread 0x000001c4c501d9a0 nmethod 16051 0x000001c4e1aa6788 code [0x000001c4e1aa68a0, 0x000001c4e1aa69a8]
Event: 18016.612 Thread 0x000001c4c501d9a0 16052  s    1       org.apache.catalina.util.LifecycleBase::setStateInternal (144 bytes)
Event: 18016.620 Thread 0x000001c4c501d9a0 nmethod 16052 0x000001c4e1238008 code [0x000001c4e12381a0, 0x000001c4e1238998]

GC Heap History (20 events):
Event: 9988.241 GC heap after
{Heap after GC invocations=58 (full 0):
 garbage-first heap   total reserved 2027520K, committed 249856K, used 65647K [0x0000000084400000, 0x0000000100000000)
  region size 1024K, 4 young (4096K), 4 survivors (4096K)
 Metaspace       used 94871K, committed 95936K, reserved 1179648K
  class space    used 14199K, committed 14656K, reserved 1048576K
}
Event: 10559.370 GC heap before
{Heap before GC invocations=59 (full 0):
 garbage-first heap   total reserved 2027520K, committed 222208K, used 193647K [0x0000000084400000, 0x0000000100000000)
  region size 1024K, 130 young (133120K), 4 survivors (4096K)
 Metaspace       used 94879K, committed 95936K, reserved 1179648K
  class space    used 14201K, committed 14656K, reserved 1048576K
}
Event: 10559.440 GC heap after
{Heap after GC invocations=60 (full 0):
 garbage-first heap   total reserved 2027520K, committed 222208K, used 65867K [0x0000000084400000, 0x0000000100000000)
  region size 1024K, 4 young (4096K), 4 survivors (4096K)
 Metaspace       used 94879K, committed 95936K, reserved 1179648K
  class space    used 14201K, committed 14656K, reserved 1048576K
}
Event: 13968.647 GC heap before
{Heap before GC invocations=60 (full 0):
 garbage-first heap   total reserved 2027520K, committed 222208K, used 194891K [0x0000000084400000, 0x0000000100000000)
  region size 1024K, 130 young (133120K), 4 survivors (4096K)
 Metaspace       used 94910K, committed 95936K, reserved 1179648K
  class space    used 14209K, committed 14656K, reserved 1048576K
}
Event: 13968.834 GC heap after
{Heap after GC invocations=61 (full 0):
 garbage-first heap   total reserved 2027520K, committed 222208K, used 61485K [0x0000000084400000, 0x0000000100000000)
  region size 1024K, 2 young (2048K), 2 survivors (2048K)
 Metaspace       used 94910K, committed 95936K, reserved 1179648K
  class space    used 14209K, committed 14656K, reserved 1048576K
}
Event: 14518.978 GC heap before
{Heap before GC invocations=61 (full 0):
 garbage-first heap   total reserved 2027520K, committed 222208K, used 192557K [0x0000000084400000, 0x0000000100000000)
  region size 1024K, 130 young (133120K), 2 survivors (2048K)
 Metaspace       used 94933K, committed 95936K, reserved 1179648K
  class space    used 14215K, committed 14656K, reserved 1048576K
}
Event: 14519.097 GC heap after
{Heap after GC invocations=62 (full 0):
 garbage-first heap   total reserved 2027520K, committed 222208K, used 60307K [0x0000000084400000, 0x0000000100000000)
  region size 1024K, 2 young (2048K), 2 survivors (2048K)
 Metaspace       used 94933K, committed 95936K, reserved 1179648K
  class space    used 14215K, committed 14656K, reserved 1048576K
}
Event: 15105.273 GC heap before
{Heap before GC invocations=62 (full 0):
 garbage-first heap   total reserved 2027520K, committed 222208K, used 191379K [0x0000000084400000, 0x0000000100000000)
  region size 1024K, 130 young (133120K), 2 survivors (2048K)
 Metaspace       used 94933K, committed 95936K, reserved 1179648K
  class space    used 14215K, committed 14656K, reserved 1048576K
}
Event: 15105.362 GC heap after
{Heap after GC invocations=63 (full 0):
 garbage-first heap   total reserved 2027520K, committed 222208K, used 59756K [0x0000000084400000, 0x0000000100000000)
  region size 1024K, 2 young (2048K), 2 survivors (2048K)
 Metaspace       used 94933K, committed 95936K, reserved 1179648K
  class space    used 14215K, committed 14656K, reserved 1048576K
}
Event: 15749.310 GC heap before
{Heap before GC invocations=63 (full 0):
 garbage-first heap   total reserved 2027520K, committed 222208K, used 190828K [0x0000000084400000, 0x0000000100000000)
  region size 1024K, 130 young (133120K), 2 survivors (2048K)
 Metaspace       used 94935K, committed 95936K, reserved 1179648K
  class space    used 14216K, committed 14656K, reserved 1048576K
}
Event: 15749.442 GC heap after
{Heap after GC invocations=64 (full 0):
 garbage-first heap   total reserved 2027520K, committed 222208K, used 59783K [0x0000000084400000, 0x0000000100000000)
  region size 1024K, 1 young (1024K), 1 survivors (1024K)
 Metaspace       used 94935K, committed 95936K, reserved 1179648K
  class space    used 14216K, committed 14656K, reserved 1048576K
}
Event: 16328.484 GC heap before
{Heap before GC invocations=65 (full 0):
 garbage-first heap   total reserved 2027520K, committed 204800K, used 181639K [0x0000000084400000, 0x0000000100000000)
  region size 1024K, 120 young (122880K), 1 survivors (1024K)
 Metaspace       used 94876K, committed 95936K, reserved 1179648K
  class space    used 14198K, committed 14656K, reserved 1048576K
}
Event: 16328.561 GC heap after
{Heap after GC invocations=66 (full 0):
 garbage-first heap   total reserved 2027520K, committed 204800K, used 59944K [0x0000000084400000, 0x0000000100000000)
  region size 1024K, 2 young (2048K), 2 survivors (2048K)
 Metaspace       used 94876K, committed 95936K, reserved 1179648K
  class space    used 14198K, committed 14656K, reserved 1048576K
}
Event: 16868.825 GC heap before
{Heap before GC invocations=66 (full 0):
 garbage-first heap   total reserved 2027520K, committed 204800K, used 180776K [0x0000000084400000, 0x0000000100000000)
  region size 1024K, 120 young (122880K), 2 survivors (2048K)
 Metaspace       used 94930K, committed 95936K, reserved 1179648K
  class space    used 14213K, committed 14656K, reserved 1048576K
}
Event: 16868.988 GC heap after
{Heap after GC invocations=67 (full 0):
 garbage-first heap   total reserved 2027520K, committed 204800K, used 57752K [0x0000000084400000, 0x0000000100000000)
  region size 1024K, 2 young (2048K), 2 survivors (2048K)
 Metaspace       used 94930K, committed 95936K, reserved 1179648K
  class space    used 14213K, committed 14656K, reserved 1048576K
}
Event: 17462.982 GC heap before
{Heap before GC invocations=67 (full 0):
 garbage-first heap   total reserved 2027520K, committed 204800K, used 178584K [0x0000000084400000, 0x0000000100000000)
  region size 1024K, 120 young (122880K), 2 survivors (2048K)
 Metaspace       used 94930K, committed 95936K, reserved 1179648K
  class space    used 14213K, committed 14656K, reserved 1048576K
}
Event: 17463.177 GC heap after
{Heap after GC invocations=68 (full 0):
 garbage-first heap   total reserved 2027520K, committed 204800K, used 57768K [0x0000000084400000, 0x0000000100000000)
  region size 1024K, 2 young (2048K), 2 survivors (2048K)
 Metaspace       used 94930K, committed 95936K, reserved 1179648K
  class space    used 14213K, committed 14656K, reserved 1048576K
}
Event: 17863.459 GC heap before
{Heap before GC invocations=69 (full 0):
 garbage-first heap   total reserved 2027520K, committed 201728K, used 175528K [0x0000000084400000, 0x0000000100000000)
  region size 1024K, 118 young (120832K), 2 survivors (2048K)
 Metaspace       used 95186K, committed 96128K, reserved 1179648K
  class space    used 14275K, committed 14720K, reserved 1048576K
}
Event: 17863.783 GC heap after
{Heap after GC invocations=70 (full 0):
 garbage-first heap   total reserved 2027520K, committed 201728K, used 58562K [0x0000000084400000, 0x0000000100000000)
  region size 1024K, 2 young (2048K), 2 survivors (2048K)
 Metaspace       used 95186K, committed 96128K, reserved 1179648K
  class space    used 14275K, committed 14720K, reserved 1048576K
}
Event: 18016.630 GC heap before
{Heap before GC invocations=70 (full 0):
 garbage-first heap   total reserved 2027520K, committed 201728K, used 86210K [0x0000000084400000, 0x0000000100000000)
  region size 1024K, 30 young (30720K), 2 survivors (2048K)
 Metaspace       used 95343K, committed 96320K, reserved 1179648K
  class space    used 14313K, committed 14784K, reserved 1048576K
}

Dll operation events (11 events):
Event: 0.037 Loaded shared library C:\Users\takwa\.jdks\openjdk-23.0.2-2\bin\java.dll
Event: 0.382 Loaded shared library C:\Users\takwa\.jdks\openjdk-23.0.2-2\bin\zip.dll
Event: 0.390 Loaded shared library C:\Users\takwa\.jdks\openjdk-23.0.2-2\bin\instrument.dll
Event: 0.402 Loaded shared library C:\Users\takwa\.jdks\openjdk-23.0.2-2\bin\net.dll
Event: 0.407 Loaded shared library C:\Users\takwa\.jdks\openjdk-23.0.2-2\bin\nio.dll
Event: 0.418 Loaded shared library C:\Users\takwa\.jdks\openjdk-23.0.2-2\bin\zip.dll
Event: 0.778 Loaded shared library C:\Users\takwa\.jdks\openjdk-23.0.2-2\bin\extnet.dll
Event: 0.822 Loaded shared library C:\Users\takwa\.jdks\openjdk-23.0.2-2\bin\jimage.dll
Event: 1.739 Loaded shared library C:\Users\takwa\.jdks\openjdk-23.0.2-2\bin\management.dll
Event: 1.749 Loaded shared library C:\Users\takwa\.jdks\openjdk-23.0.2-2\bin\management_ext.dll
Event: 4.509 Loaded shared library C:\Users\takwa\.jdks\openjdk-23.0.2-2\bin\sunmscapi.dll

Deoptimization events (8 events):
Event: 8.386 Thread 0x000001c4c5d10490 DEOPT PACKING pc=0x000001c4e132053c sp=0x000000b353cfb720
Event: 8.386 Thread 0x000001c4c5d10490 DEOPT UNPACKING pc=0x000001c4e0b54b22 sp=0x000000b353cfacc8 mode 0
Event: 13.452 Thread 0x000001c4c5d10490 DEOPT PACKING pc=0x000001c4e1556ddc sp=0x000000b353cf9b30
Event: 13.452 Thread 0x000001c4c5d10490 DEOPT UNPACKING pc=0x000001c4e0b54b22 sp=0x000000b353cf8fc8 mode 0
Event: 20.054 Thread 0x000001c4c5d10490 DEOPT PACKING pc=0x000001c4e1099051 sp=0x000000b353cfcbf0
Event: 20.054 Thread 0x000001c4c5d10490 DEOPT UNPACKING pc=0x000001c4e0b54b22 sp=0x000000b353cfc0f8 mode 3
Event: 20.054 Thread 0x000001c4c5d10490 DEOPT PACKING pc=0x000001c4e1062472 sp=0x000000b353cfcbb0
Event: 20.054 Thread 0x000001c4c5d10490 DEOPT UNPACKING pc=0x000001c4e0b54b22 sp=0x000000b353cfc0f8 mode 3

Classes loaded (20 events):
Event: 1369.584 Loading class javax/crypto/IllegalBlockSizeException
Event: 1369.588 Loading class javax/crypto/IllegalBlockSizeException done
Event: 1369.589 Loading class javax/crypto/BadPaddingException
Event: 1369.592 Loading class javax/crypto/BadPaddingException done
Event: 1791.924 Loading class java/util/stream/ReferencePipeline$4
Event: 1791.953 Loading class java/util/stream/ReferencePipeline$4 done
Event: 1791.958 Loading class java/util/function/IntBinaryOperator
Event: 1791.962 Loading class java/util/function/IntBinaryOperator done
Event: 1791.970 Loading class java/util/stream/ReduceOps$7
Event: 1791.982 Loading class java/util/stream/ReduceOps$7 done
Event: 1791.983 Loading class java/util/stream/ReduceOps$6ReducingSink
Event: 1791.989 Loading class java/util/stream/ReduceOps$6ReducingSink done
Event: 1791.989 Loading class java/util/stream/ReferencePipeline$4$1
Event: 1791.996 Loading class java/util/stream/ReferencePipeline$4$1 done
Event: 1792.215 Loading class java/lang/Throwable$WrappedPrintWriter
Event: 1792.220 Loading class java/lang/Throwable$PrintStreamOrWriter
Event: 1792.221 Loading class java/lang/Throwable$PrintStreamOrWriter done
Event: 1792.221 Loading class java/lang/Throwable$WrappedPrintWriter done
Event: 18015.411 Loading class java/util/concurrent/locks/AbstractQueuedSynchronizer$SharedNode
Event: 18015.420 Loading class java/util/concurrent/locks/AbstractQueuedSynchronizer$SharedNode done

Classes unloaded (20 events):
Event: 15749.889 Thread 0x000001c4e93689f0 Unloading class 0x000001c481525000 'java/lang/invoke/LambdaForm$MH+0x000001c481525000'
Event: 15749.889 Thread 0x000001c4e93689f0 Unloading class 0x000001c48153d800 'java/lang/invoke/LambdaForm$MH+0x000001c48153d800'
Event: 15749.890 Thread 0x000001c4e93689f0 Unloading class 0x000001c48154d000 'java/lang/invoke/LambdaForm$MH+0x000001c48154d000'
Event: 15749.890 Thread 0x000001c4e93689f0 Unloading class 0x000001c481734400 'java/lang/invoke/LambdaForm$MH+0x000001c481734400'
Event: 15749.890 Thread 0x000001c4e93689f0 Unloading class 0x000001c481e35000 'java/lang/invoke/LambdaForm$MH+0x000001c481e35000'
Event: 15749.890 Thread 0x000001c4e93689f0 Unloading class 0x000001c481e34c00 'java/lang/invoke/LambdaForm$MH+0x000001c481e34c00'
Event: 15749.890 Thread 0x000001c4e93689f0 Unloading class 0x000001c481e34800 'java/lang/invoke/LambdaForm$MH+0x000001c481e34800'
Event: 15749.891 Thread 0x000001c4e93689f0 Unloading class 0x000001c481e34400 'java/lang/invoke/LambdaForm$BMH+0x000001c481e34400'
Event: 15749.891 Thread 0x000001c4e93689f0 Unloading class 0x000001c481e1c800 'java/lang/invoke/LambdaForm$MH+0x000001c481e1c800'
Event: 15749.891 Thread 0x000001c4e93689f0 Unloading class 0x000001c481e1c400 'java/lang/invoke/LambdaForm$MH+0x000001c481e1c400'
Event: 15749.892 Thread 0x000001c4e93689f0 Unloading class 0x000001c481d3ac00 'java/lang/invoke/LambdaForm$MH+0x000001c481d3ac00'
Event: 15749.892 Thread 0x000001c4e93689f0 Unloading class 0x000001c481d3a000 'java/lang/invoke/LambdaForm$MH+0x000001c481d3a000'
Event: 15749.892 Thread 0x000001c4e93689f0 Unloading class 0x000001c481d39c00 'java/lang/invoke/LambdaForm$MH+0x000001c481d39c00'
Event: 15749.892 Thread 0x000001c4e93689f0 Unloading class 0x000001c481d39800 'java/lang/invoke/LambdaForm$MH+0x000001c481d39800'
Event: 15749.892 Thread 0x000001c4e93689f0 Unloading class 0x000001c481d39400 'java/lang/invoke/LambdaForm$MH+0x000001c481d39400'
Event: 15749.892 Thread 0x000001c4e93689f0 Unloading class 0x000001c481d38800 'java/lang/invoke/LambdaForm$MH+0x000001c481d38800'
Event: 15749.892 Thread 0x000001c4e93689f0 Unloading class 0x000001c481d38400 'java/lang/invoke/LambdaForm$MH+0x000001c481d38400'
Event: 15749.892 Thread 0x000001c4e93689f0 Unloading class 0x000001c481d38000 'java/lang/invoke/LambdaForm$MH+0x000001c481d38000'
Event: 15749.892 Thread 0x000001c4e93689f0 Unloading class 0x000001c481d2c000 'java/lang/invoke/LambdaForm$DMH+0x000001c481d2c000'
Event: 17464.124 Thread 0x000001c4e93689f0 Unloading class 0x000001c481265800 'java/lang/invoke/LambdaForm$MH+0x000001c481265800'

Classes redefined (0 events):
No events

Internal exceptions (20 events):
Event: 21.899 Thread 0x000001c4c5d10490 Exception <a 'java/lang/NoSuchMethodError'{0x000000009bea44b0}: 'java.lang.Object java.lang.invoke.DirectMethodHandle$Holder.invokeStatic(java.lang.Object, java.lang.Object, java.lang.Object, java.lang.Object, java.lang.Object, java.lang.Object, java.lang.Object, java.lang.Object, java.lang.Object, int)'> (0x000000009bea44b0) 
thrown [s\open\src\hotspot\share\interpreter\linkResolver.cpp, line 796]
Event: 21.937 Thread 0x000001c4c5d10490 Exception <a 'java/lang/NoSuchMethodError'{0x000000009bc50970}: 'void java.lang.invoke.DirectMethodHandle$Holder.invokeSpecial(java.lang.Object, java.lang.Object, int, int, java.lang.Object)'> (0x000000009bc50970) 
thrown [s\open\src\hotspot\share\interpreter\linkResolver.cpp, line 796]
Event: 21.948 Thread 0x000001c4c5d10490 Exception <a 'java/lang/NoSuchMethodError'{0x000000009bccd420}: 'void java.lang.invoke.DirectMethodHandle$Holder.invokeSpecialIFC(java.lang.Object, java.lang.Object, int, java.lang.Object, java.lang.Object, java.lang.Object, java.lang.Object)'> (0x000000009bccd420) 
thrown [s\open\src\hotspot\share\interpreter\linkResolver.cpp, line 796]
Event: 22.170 Thread 0x000001c4c5d10490 Exception <a 'java/lang/IncompatibleClassChangeError'{0x000000009b846c90}: Found class java.lang.Object, but interface was expected> (0x000000009b846c90) 
thrown [s\open\src\hotspot\share\interpreter\linkResolver.cpp, line 863]
Event: 22.173 Thread 0x000001c4c5d10490 Exception <a 'java/lang/NoSuchMethodError'{0x000000009b8683b0}: 'java.lang.Object java.lang.invoke.DirectMethodHandle$Holder.newInvokeSpecial(java.lang.Object, java.lang.Object, java.lang.Object, java.lang.Object, int, int, int, int, int)'> (0x000000009b8683b0) 
thrown [s\open\src\hotspot\share\interpreter\linkResolver.cpp, line 796]
Event: 45.059 Thread 0x000001c4cd17c7d0 Exception <a 'java/lang/NoSuchMethodError'{0x000000009af167c0}: 'java.lang.Object java.lang.invoke.DirectMethodHandle$Holder.invokeStatic(java.lang.Object, java.lang.Object, java.lang.Object, int, int)'> (0x000000009af167c0) 
thrown [s\open\src\hotspot\share\interpreter\linkResolver.cpp, line 796]
Event: 45.061 Thread 0x000001c4cd17c7d0 Exception <a 'java/lang/NoSuchMethodError'{0x000000009af19b08}: 'java.lang.Object java.lang.invoke.DirectMethodHandle$Holder.invokeStaticInit(java.lang.Object, java.lang.Object, java.lang.Object, int, int)'> (0x000000009af19b08) 
thrown [s\open\src\hotspot\share\interpreter\linkResolver.cpp, line 796]
Event: 45.270 Thread 0x000001c4c8c1c870 Exception <a 'java/lang/NoSuchMethodError'{0x000000009ae687f8}: 'java.lang.Object java.lang.invoke.DirectMethodHandle$Holder.invokeSpecial(java.lang.Object, java.lang.Object, java.lang.Object, java.lang.Object, java.lang.Object, long)'> (0x000000009ae687f8) 
thrown [s\open\src\hotspot\share\interpreter\linkResolver.cpp, line 796]
Event: 45.272 Thread 0x000001c4c8c1c870 Exception <a 'java/lang/NoSuchMethodError'{0x000000009ae6bfe0}: 'java.lang.Object java.lang.invoke.Invokers$Holder.linkToTargetMethod(java.lang.Object, java.lang.Object, java.lang.Object, long, java.lang.Object)'> (0x000000009ae6bfe0) 
thrown [s\open\src\hotspot\share\interpreter\linkResolver.cpp, line 796]
Event: 46.256 Thread 0x000001c4c8c1c870 Exception <a 'java/lang/IncompatibleClassChangeError'{0x000000009a41b8f8}: Found class java.lang.Object, but interface was expected> (0x000000009a41b8f8) 
thrown [s\open\src\hotspot\share\interpreter\linkResolver.cpp, line 863]
Event: 46.787 Thread 0x000001c4c8c1c870 Exception <a 'sun/nio/fs/WindowsException'{0x000000009959c608}> (0x000000009959c608) 
thrown [s\open\src\hotspot\share\prims\jni.cpp, line 520]
Event: 46.982 Thread 0x000001c4c8c1c870 Exception <a 'java/lang/IncompatibleClassChangeError'{0x00000000995ea190}: Found class java.lang.Object, but interface was expected> (0x00000000995ea190) 
thrown [s\open\src\hotspot\share\interpreter\linkResolver.cpp, line 863]
Event: 58.533 Thread 0x000001c4c8c1e940 Exception <a 'java/lang/NoSuchMethodError'{0x0000000098202d10}: 'int java.lang.invoke.DirectMethodHandle$Holder.invokeVirtual(java.lang.Object, java.lang.Object, java.lang.Object, java.lang.Object, java.lang.Object)'> (0x0000000098202d10) 
thrown [s\open\src\hotspot\share\interpreter\linkResolver.cpp, line 796]
Event: 58.534 Thread 0x000001c4c8c1e940 Exception <a 'java/lang/NoSuchMethodError'{0x0000000098206f20}: 'int java.lang.invoke.DelegatingMethodHandle$Holder.reinvoke_L(java.lang.Object, java.lang.Object, java.lang.Object, java.lang.Object, java.lang.Object)'> (0x0000000098206f20) 
thrown [s\open\src\hotspot\share\interpreter\linkResolver.cpp, line 796]
Event: 58.542 Thread 0x000001c4c8c1e940 Exception <a 'java/lang/NoSuchMethodError'{0x0000000098220fa8}: 'java.lang.Object java.lang.invoke.DirectMethodHandle$Holder.invokeInterface(java.lang.Object, java.lang.Object, java.lang.Object, java.lang.Object, java.lang.Object)'> (0x0000000098220fa8) 
thrown [s\open\src\hotspot\share\interpreter\linkResolver.cpp, line 796]
Event: 58.802 Thread 0x000001c4c8c1e940 Exception <a 'java/lang/NoSuchMethodError'{0x000000009815d028}: 'int java.lang.invoke.DirectMethodHandle$Holder.invokeStatic(java.lang.Object, java.lang.Object, int, int)'> (0x000000009815d028) 
thrown [s\open\src\hotspot\share\interpreter\linkResolver.cpp, line 796]
Event: 18015.241 Thread 0x000001c4cd1802e0 Exception <a 'java/lang/NoSuchMethodError'{0x000000008ef0c388}: 'java.lang.Object java.lang.invoke.DirectMethodHandle$Holder.newInvokeSpecial(java.lang.Object, java.lang.Object, java.lang.Object, java.lang.Object, int)'> (0x000000008ef0c388) 
thrown [s\open\src\hotspot\share\interpreter\linkResolver.cpp, line 796]
Event: 18015.251 Thread 0x000001c4cd1802e0 Exception <a 'java/lang/NoSuchMethodError'{0x000000008ef10160}: 'java.lang.Object java.lang.invoke.DirectMethodHandle$Holder.invokeSpecial(java.lang.Object, java.lang.Object, java.lang.Object, java.lang.Object, java.lang.Object, int)'> (0x000000008ef10160) 
thrown [s\open\src\hotspot\share\interpreter\linkResolver.cpp, line 796]
Event: 18015.254 Thread 0x000001c4cd1802e0 Exception <a 'java/lang/NoSuchMethodError'{0x000000008ef13748}: 'java.lang.Object java.lang.invoke.Invokers$Holder.linkToTargetMethod(java.lang.Object, java.lang.Object, java.lang.Object, int, java.lang.Object)'> (0x000000008ef13748) 
thrown [s\open\src\hotspot\share\interpreter\linkResolver.cpp, line 796]
Event: 18016.602 Thread 0x000001c4c8550090 Exception <a 'java/lang/InterruptedException'{0x000000008ed27a20}: sleep interrupted> (0x000000008ed27a20) 
thrown [s\open\src\hotspot\share\prims\jvm.cpp, line 3093]

VM Operations (20 events):
Event: 17636.078 Executing VM operation: RendezvousGCThreads done
Event: 17696.141 Executing VM operation: HandshakeAllThreads (HandshakeForDeflation)
Event: 17696.141 Executing VM operation: HandshakeAllThreads (HandshakeForDeflation) done
Event: 17696.141 Executing VM operation: RendezvousGCThreads
Event: 17696.141 Executing VM operation: RendezvousGCThreads done
Event: 17756.380 Executing VM operation: HandshakeAllThreads (HandshakeForDeflation)
Event: 17756.383 Executing VM operation: HandshakeAllThreads (HandshakeForDeflation) done
Event: 17756.384 Executing VM operation: RendezvousGCThreads
Event: 17756.384 Executing VM operation: RendezvousGCThreads done
Event: 17863.388 Executing VM operation: G1CollectForAllocation (G1 Evacuation Pause)
Event: 17863.785 Executing VM operation: G1CollectForAllocation (G1 Evacuation Pause) done
Event: 17876.687 Executing VM operation: HandshakeAllThreads (HandshakeForDeflation)
Event: 17876.693 Executing VM operation: HandshakeAllThreads (HandshakeForDeflation) done
Event: 17876.693 Executing VM operation: RendezvousGCThreads
Event: 17876.694 Executing VM operation: RendezvousGCThreads done
Event: 17936.840 Executing VM operation: HandshakeAllThreads (HandshakeForDeflation)
Event: 17936.858 Executing VM operation: HandshakeAllThreads (HandshakeForDeflation) done
Event: 17936.859 Executing VM operation: RendezvousGCThreads
Event: 17936.859 Executing VM operation: RendezvousGCThreads done
Event: 18016.618 Executing VM operation: G1CollectFull (System.gc())

Memory protections (0 events):
No events

Nmethod flushes (20 events):
Event: 15750.602 Thread 0x000001c4e93689f0 flushing  nmethod 0x000001c4e1941608
Event: 15750.602 Thread 0x000001c4e93689f0 flushing  nmethod 0x000001c4e1942588
Event: 15750.602 Thread 0x000001c4e93689f0 flushing  nmethod 0x000001c4e1942c08
Event: 15750.602 Thread 0x000001c4e93689f0 flushing  nmethod 0x000001c4e1943088
Event: 15750.602 Thread 0x000001c4e93689f0 flushing  nmethod 0x000001c4e1943408
Event: 15750.602 Thread 0x000001c4e93689f0 flushing  nmethod 0x000001c4e1969788
Event: 15750.602 Thread 0x000001c4e93689f0 flushing  nmethod 0x000001c4e196a688
Event: 15750.602 Thread 0x000001c4e93689f0 flushing  nmethod 0x000001c4e1989108
Event: 15750.602 Thread 0x000001c4e93689f0 flushing  nmethod 0x000001c4e1989708
Event: 15750.602 Thread 0x000001c4e93689f0 flushing  nmethod 0x000001c4e198aa08
Event: 15750.602 Thread 0x000001c4e93689f0 flushing  nmethod 0x000001c4e198ad08
Event: 15750.602 Thread 0x000001c4e93689f0 flushing  nmethod 0x000001c4e198b908
Event: 15750.602 Thread 0x000001c4e93689f0 flushing  nmethod 0x000001c4e1a04388
Event: 15750.602 Thread 0x000001c4e93689f0 flushing  nmethod 0x000001c4e1a04688
Event: 15750.602 Thread 0x000001c4e93689f0 flushing  nmethod 0x000001c4e1a04988
Event: 15750.602 Thread 0x000001c4e93689f0 flushing  nmethod 0x000001c4e1a99b08
Event: 15750.602 Thread 0x000001c4e93689f0 flushing  nmethod 0x000001c4e1a99e88
Event: 15750.602 Thread 0x000001c4e93689f0 flushing  nmethod 0x000001c4e1a9d388
Event: 15750.602 Thread 0x000001c4e93689f0 flushing  nmethod 0x000001c4e1ab9508
Event: 15750.602 Thread 0x000001c4e93689f0 flushing  nmethod 0x000001c4e1ac1f08

Events (20 events):
Event: 18015.406 Thread 0x000001c4cd1802e0 Thread added: 0x000001c4cd181000
Event: 18015.577 Thread 0x000001c4cd17c7d0 Thread exited: 0x000001c4cd17c7d0
Event: 18015.589 Thread 0x000001c4cd181000 Thread exited: 0x000001c4cd181000
Event: 18015.623 Thread 0x000001c4cd17ad90 Thread exited: 0x000001c4cd17ad90
Event: 18015.642 Thread 0x000001c4c8c1cf00 Thread exited: 0x000001c4c8c1cf00
Event: 18015.643 Thread 0x000001c4c8c1e940 Thread exited: 0x000001c4c8c1e940
Event: 18015.644 Thread 0x000001c4c8c1fcf0 Thread exited: 0x000001c4c8c1fcf0
Event: 18015.645 Thread 0x000001c4c8c1e2b0 Thread exited: 0x000001c4c8c1e2b0
Event: 18015.645 Thread 0x000001c4c8c1d590 Thread exited: 0x000001c4c8c1d590
Event: 18015.645 Thread 0x000001c4c8c1dc20 Thread exited: 0x000001c4c8c1dc20
Event: 18015.646 Thread 0x000001c4c8c1efd0 Thread exited: 0x000001c4c8c1efd0
Event: 18015.646 Thread 0x000001c4cd17c140 Thread exited: 0x000001c4cd17c140
Event: 18015.646 Thread 0x000001c4c8c1c870 Thread exited: 0x000001c4c8c1c870
Event: 18015.646 Thread 0x000001c4c8c1f660 Thread exited: 0x000001c4c8c1f660
Event: 18016.269 Thread 0x000001c4cd1802e0 Thread added: 0x000001c4c8550720
Event: 18016.278 Thread 0x000001c4c770bae0 Thread exited: 0x000001c4c770bae0
Event: 18016.313 Thread 0x000001c4c8550720 Thread exited: 0x000001c4c8550720
Event: 18016.599 Thread 0x000001c4c8552160 Thread exited: 0x000001c4c8552160
Event: 18016.599 Thread 0x000001c4c8553510 Thread exited: 0x000001c4c8553510
Event: 18016.603 Thread 0x000001c4c8550090 Thread exited: 0x000001c4c8550090


Dynamic libraries:
0x00007ff68f140000 - 0x00007ff68f14e000 	C:\Users\takwa\.jdks\openjdk-23.0.2-2\bin\java.exe
0x00007fff2e000000 - 0x00007fff2e266000 	C:\WINDOWS\SYSTEM32\ntdll.dll
0x00007fff2d980000 - 0x00007fff2da49000 	C:\WINDOWS\System32\KERNEL32.DLL
0x00007fff2b820000 - 0x00007fff2bc19000 	C:\WINDOWS\System32\KERNELBASE.dll
0x00007fff2b550000 - 0x00007fff2b69c000 	C:\WINDOWS\System32\ucrtbase.dll
0x00007fff16190000 - 0x00007fff161ab000 	C:\Users\takwa\.jdks\openjdk-23.0.2-2\bin\VCRUNTIME140.dll
0x00007fff23660000 - 0x00007fff23677000 	C:\Users\takwa\.jdks\openjdk-23.0.2-2\bin\jli.dll
0x00007fff2da50000 - 0x00007fff2dc16000 	C:\WINDOWS\System32\USER32.dll
0x00007fff063f0000 - 0x00007fff06682000 	C:\WINDOWS\WinSxS\amd64_microsoft.windows.common-controls_6595b64144ccf1df_6.0.26100.8289_none_3e0e0344e32f67d2\COMCTL32.dll
0x00007fff2b460000 - 0x00007fff2b487000 	C:\WINDOWS\System32\win32u.dll
0x00007fff2c700000 - 0x00007fff2c7a9000 	C:\WINDOWS\System32\msvcrt.dll
0x00007fff2d950000 - 0x00007fff2d97b000 	C:\WINDOWS\System32\GDI32.dll
0x00007fff2b330000 - 0x00007fff2b45b000 	C:\WINDOWS\System32\gdi32full.dll
0x00007fff2bc20000 - 0x00007fff2bcc3000 	C:\WINDOWS\System32\msvcp_win.dll
0x00007fff2bd80000 - 0x00007fff2bdb2000 	C:\WINDOWS\System32\IMM32.DLL
0x00007fff1b080000 - 0x00007fff1b08c000 	C:\Users\takwa\.jdks\openjdk-23.0.2-2\bin\vcruntime140_1.dll
0x00007ffef78d0000 - 0x00007ffef795e000 	C:\Users\takwa\.jdks\openjdk-23.0.2-2\bin\msvcp140.dll
0x00007ffe67540000 - 0x00007ffe68290000 	C:\Users\takwa\.jdks\openjdk-23.0.2-2\bin\server\jvm.dll
0x00007fff2c090000 - 0x00007fff2c146000 	C:\WINDOWS\System32\ADVAPI32.dll
0x00007fff2d8a0000 - 0x00007fff2d947000 	C:\WINDOWS\System32\sechost.dll
0x00007fff2c4e0000 - 0x00007fff2c5f8000 	C:\WINDOWS\System32\RPCRT4.dll
0x00007fff2bec0000 - 0x00007fff2bf40000 	C:\WINDOWS\System32\WS2_32.dll
0x00007fff06820000 - 0x00007fff0682b000 	C:\WINDOWS\SYSTEM32\VERSION.dll
0x00007fff20dc0000 - 0x00007fff20df6000 	C:\WINDOWS\SYSTEM32\WINMM.dll
0x00007fff2aaf0000 - 0x00007fff2ab4e000 	C:\WINDOWS\SYSTEM32\POWRPROF.dll
0x00007fff2aad0000 - 0x00007fff2aae4000 	C:\WINDOWS\SYSTEM32\UMPDC.dll
0x00007fff29fe0000 - 0x00007fff29ffb000 	C:\WINDOWS\SYSTEM32\kernel.appcore.dll
0x00007fff161d0000 - 0x00007fff161da000 	C:\Users\takwa\.jdks\openjdk-23.0.2-2\bin\jimage.dll
0x00007fff28940000 - 0x00007fff28b82000 	C:\WINDOWS\SYSTEM32\DBGHELP.DLL
0x00007fff2c150000 - 0x00007fff2c4d3000 	C:\WINDOWS\System32\combase.dll
0x00007fff2d270000 - 0x00007fff2d349000 	C:\WINDOWS\System32\OLEAUT32.dll
0x00007fff02120000 - 0x00007fff0215b000 	C:\WINDOWS\SYSTEM32\dbgcore.DLL
0x00007fff2bcd0000 - 0x00007fff2bd78000 	C:\WINDOWS\System32\bcryptPrimitives.dll
0x00007fff16180000 - 0x00007fff1618f000 	C:\Users\takwa\.jdks\openjdk-23.0.2-2\bin\instrument.dll
0x00007fff12ff0000 - 0x00007fff1300e000 	C:\Users\takwa\.jdks\openjdk-23.0.2-2\bin\java.dll
0x00007fff2dc30000 - 0x00007fff2ddc7000 	C:\WINDOWS\System32\ole32.dll
0x00007fff2caa0000 - 0x00007fff2d21b000 	C:\WINDOWS\System32\SHELL32.dll
0x00007fff28e20000 - 0x00007fff29692000 	C:\WINDOWS\SYSTEM32\windows.storage.dll
0x00007fff2c600000 - 0x00007fff2c6f9000 	C:\WINDOWS\System32\SHCORE.dll
0x00007fff2be50000 - 0x00007fff2beb7000 	C:\WINDOWS\System32\shlwapi.dll
0x00007fff2b1c0000 - 0x00007fff2b1e9000 	C:\WINDOWS\SYSTEM32\profapi.dll
0x00007fff119c0000 - 0x00007fff119d7000 	C:\Users\takwa\.jdks\openjdk-23.0.2-2\bin\zip.dll
0x00007fff16170000 - 0x00007fff16180000 	C:\Users\takwa\.jdks\openjdk-23.0.2-2\bin\net.dll
0x00007fff2a530000 - 0x00007fff2a59c000 	C:\WINDOWS\system32\mswsock.dll
0x00007fff12f50000 - 0x00007fff12f66000 	C:\Users\takwa\.jdks\openjdk-23.0.2-2\bin\nio.dll
0x00007fff0e280000 - 0x00007fff0e289000 	C:\Users\takwa\.jdks\openjdk-23.0.2-2\bin\extnet.dll
0x00007fff0daa0000 - 0x00007fff0daaa000 	C:\Users\takwa\.jdks\openjdk-23.0.2-2\bin\management.dll
0x00007fff0d1c0000 - 0x00007fff0d1cb000 	C:\Users\takwa\.jdks\openjdk-23.0.2-2\bin\management_ext.dll
0x00007fff2d890000 - 0x00007fff2d898000 	C:\WINDOWS\System32\PSAPI.DLL
0x00007fff0e270000 - 0x00007fff0e27e000 	C:\Users\takwa\.jdks\openjdk-23.0.2-2\bin\sunmscapi.dll
0x00007fff2b6a0000 - 0x00007fff2b817000 	C:\WINDOWS\System32\CRYPT32.dll
0x00007fff2abb0000 - 0x00007fff2abe0000 	C:\WINDOWS\SYSTEM32\ncrypt.dll
0x00007fff2ab60000 - 0x00007fff2ab9f000 	C:\WINDOWS\SYSTEM32\NTASN1.dll
0x00007fff2a930000 - 0x00007fff2a94b000 	C:\WINDOWS\SYSTEM32\CRYPTSP.dll
0x00007fff29f40000 - 0x00007fff29f79000 	C:\WINDOWS\system32\rsaenh.dll
0x00007fff2a5e0000 - 0x00007fff2a613000 	C:\WINDOWS\SYSTEM32\USERENV.dll
0x00007fff2b190000 - 0x00007fff2b1ba000 	C:\WINDOWS\SYSTEM32\bcrypt.dll
0x00007fff2a790000 - 0x00007fff2a79c000 	C:\WINDOWS\SYSTEM32\CRYPTBASE.dll
0x00007fff29a10000 - 0x00007fff29a42000 	C:\WINDOWS\SYSTEM32\IPHLPAPI.DLL
0x00007fff2dc20000 - 0x00007fff2dc2a000 	C:\WINDOWS\System32\NSI.dll
0x00007fff29ab0000 - 0x00007fff29bf9000 	C:\WINDOWS\SYSTEM32\DNSAPI.dll
0x00007fff2a350000 - 0x00007fff2a35d000 	C:\WINDOWS\SYSTEM32\DSPARSE.dll
0x00007fff1a390000 - 0x00007fff1a39b000 	C:\Windows\System32\rasadhlp.dll
0x00007fff21f20000 - 0x00007fff21fa6000 	C:\WINDOWS\System32\fwpuclnt.dll
0x00007fff014c0000 - 0x00007fff014c8000 	C:\WINDOWS\system32\wshunix.dll

dbghelp: loaded successfully - version: 4.0.5 - missing functions: none
symbol engine: initialized successfully - sym options: 0x614 - pdb path: .;C:\Users\takwa\.jdks\openjdk-23.0.2-2\bin;C:\WINDOWS\SYSTEM32;C:\WINDOWS\WinSxS\amd64_microsoft.windows.common-controls_6595b64144ccf1df_6.0.26100.8289_none_3e0e0344e32f67d2;C:\Users\takwa\.jdks\openjdk-23.0.2-2\bin\server

VM Arguments:
jvm_args: -XX:TieredStopAtLevel=1 -Dspring.output.ansi.enabled=always -javaagent:C:\Program Files\JetBrains\IntelliJ IDEA 2025.3.4\lib\idea_rt.jar=51177 -Dfile.encoding=UTF-8 -Dsun.stdout.encoding=UTF-8 -Dsun.stderr.encoding=UTF-8 
java_command: org.example.gestionhuilerieback.GestionHuilerieBackApplication
java_class_path (initial): C:\Users\takwa\Desktop\GestionHuilerieBackend\target\classes;C:\Users\takwa\.m2\repository\org\springframework\boot\spring-boot-starter-validation\4.0.4\spring-boot-starter-validation-4.0.4.jar;C:\Users\takwa\.m2\repository\org\springframework\boot\spring-boot-starter\4.0.4\spring-boot-starter-4.0.4.jar;C:\Users\takwa\.m2\repository\org\springframework\boot\spring-boot-starter-logging\4.0.4\spring-boot-starter-logging-4.0.4.jar;C:\Users\takwa\.m2\repository\ch\qos\logback\logback-classic\1.5.32\logback-classic-1.5.32.jar;C:\Users\takwa\.m2\repository\ch\qos\logback\logback-core\1.5.32\logback-core-1.5.32.jar;C:\Users\takwa\.m2\repository\org\apache\logging\log4j\log4j-to-slf4j\2.25.3\log4j-to-slf4j-2.25.3.jar;C:\Users\takwa\.m2\repository\org\apache\logging\log4j\log4j-api\2.25.3\log4j-api-2.25.3.jar;C:\Users\takwa\.m2\repository\org\slf4j\jul-to-slf4j\2.0.17\jul-to-slf4j-2.0.17.jar;C:\Users\takwa\.m2\repository\jakarta\annotation\jakarta.annotation-api\3.0.0\jakarta.annotation-api-3.0.0.jar;C:\Users\takwa\.m2\repository\org\yaml\snakeyaml\2.5\snakeyaml-2.5.jar;C:\Users\takwa\.m2\repository\org\springframework\boot\spring-boot-validation\4.0.4\spring-boot-validation-4.0.4.jar;C:\Users\takwa\.m2\repository\org\apache\tomcat\embed\tomcat-embed-el\11.0.18\tomcat-embed-el-11.0.18.jar;C:\Users\takwa\.m2\repository\org\hibernate\validator\hibernate-validator\9.0.1.Final\hibernate-validator-9.0.1.Final.jar;C:\Users\takwa\.m2\repository\jakarta\validation\jakarta.validation-api\3.1.1\jakarta.validation-api-3.1.1.jar;C:\Users\takwa\.m2\repository\org\jboss\logging\jboss-logging\3.6.3.Final\jboss-logging-3.6.3.Final.jar;C:\Users\takwa\.m2\repository\com\fasterxml\classmate\1.7.3\classmate-1.7.3.jar;C:\Users\takwa\.m2\repository\org\mapstruct\mapstruct\1.6.3\mapstruct-1.6.3.jar;C:\Users\takwa\.m2\repository\com\github\librepdf\openpdf\1.3.39\openpdf-1.3.39.jar;C:\Users\takwa\.m2\repository\org\springframework\boot\spring-boot-starter-web\4.0.4\spring-boot-starter-web-4.0.4.jar;C:\Users\takwa\.m2\repository\org\springframework\boot\spring-boot-starter-jackson\4.0.4\spring-boot-starter-jackson-4.0.4.jar;C:\Users\takwa\.m2\repository\org\springframework\boot\spring-boot-jackson\4.0.4\spring-boot-jackson-4.0.4.jar;C:\Users\takwa\.m2\repository\tools\jackson\core\jackson-databind\3.1.0\jackson-databind-3.1.0.jar;C:\Users\takwa\.m2\repository\tools\jackson\core\jackson-core\3.1.0\jackson-core-3.1.0.jar;C:\Users\takwa\.m2\repository\org\springframework\boot\spring-boot-starter-tomcat\4.0.4\spring-boot-starter-tomcat-4.0.4.jar;C:\Users\takwa\.m2\repository\org\springframework\boot\spring-boot-starter-tomcat-runtime\4.0.4\spring-boot-starter-tomcat-runtime-4.0.4.jar;C:\Users\takwa\.m2\repository\org\springframework\boot\spring-boot-web-server\4.0.4\spring-boot-web-server-4.0.4.jar;C:\Users\takwa\.m2\repository\org\apache\tomcat\embed\tomcat-embed-core\11.0.18\tomcat-embed-core-11.0.18.jar;C:\Users\takwa\.m2\repository\org\apache\tomcat\embed\tomcat-embed-websocket\11.0.18\tomcat-embed-websocket-11.0.18.jar;C:\Users\takwa\.m2\repository\org\springframework\boot\spring-boot-tomcat\4.0.4\spring-boot-tomcat-4.0.4.jar;C:\Users\takwa\.m2\repository\org\springframework\boot\spring-boot-http-converter\4.0.4\spring-boot-http-converter-4.0.4.jar;C:\Users\takwa\.m2\repository\org\springframework\spring-web\7.0.6\spring-web-7.0.6.jar;C:\Users\takwa\.m2\repository\io\micrometer\micrometer-observation\1.16.4\micrometer-observation-1.16.4.jar;C:\Users\takwa\.m2\repository\io\micrometer\micrometer-commons\1.16.4\micrometer-commons-1.16.4.jar;C:\Users\takwa\.m2\repository\org\springframework\boot\spring-boot-webmvc\4.0.4\spring-boot-webmvc-4.0.4.jar;C:\Users\takwa\.m2\repository\org\springframework\boot\spring-boot-servlet\4.0.4\spring-boot-servlet-4.0.4.jar;C:\Users\takwa\.m2\repository\org\springframework\spring-webmvc\7.0.6\spring-webmvc-7.0.6.jar;C:\Users\takwa\.m2\repository\org\springframework\spring-expression\7.0.6\spring-expression-7.0.6.jar;C:\Users\takwa\.m2\repository\org\springframework\boot\spring-boot-starter-security\4.0.4\spring-boot-starter-security-4.0.4.jar;C:\Users\takwa\.m2\repository\org\springframework\boot\spring-boot-security\4.0.4\spring-boot-security-4.0.4.jar;C:\Users\takwa\.m2\repository\org\springframework\security\spring-security-config\7.0.4\spring-security-config-7.0.4.jar;C:\Users\takwa\.m2\repository\org\springframework\security\spring-security-core\7.0.4\spring-security-core-7.0.4.jar;C:\Users\takwa\.m2\repository\org\springframework\security\spring-security-crypto\7.0.4\spring-security-crypto-7.0.4.jar;C:\Users\takwa\.m2\repository\org\springframework\security\spring-security-web\7.0.4\spring-security-web-7.0.4.jar;C:\Users\takwa\.m2\repository\org\springframework\spring-aop\7.0.6\spring-aop-7.0.6.jar;C:\Users\takwa\.m2\repository\org\springframework\spring-beans\7.0.6\spring-beans-7.0.6.jar;C:\Users\takwa\.m2\repository\org\springframework\boot\spring-boot-starter-mail\4.0.4\spring-boot-starter-mail-4.0.4.jar;C:\Users\takwa\.m2\repository\org\springframework\boot\spring-boot-mail\4.0.4\spring-boot-mail-4.0.4.jar;C:\Users\takwa\.m2\repository\org\springframework\spring-context-support\7.0.6\spring-context-support-7.0.6.jar;C:\Users\takwa\.m2\repository\jakarta\mail\jakarta.mail-api\2.1.5\jakarta.mail-api-2.1.5.jar;C:\Users\takwa\.m2\repository\org\eclipse\angus\angus-mail\2.0.5\angus-mail-2.0.5.jar;C:\Users\takwa\.m2\repository\org\eclipse\angus\angus-activation\2.0.3\angus-activation-2.0.3.jar;C:\Users\takwa\.m2\repository\io\jsonwebtoken\jjwt-api\0.12.6\jjwt-api-0.12.6.jar;C:\Users\takwa\.m2\repository\io\jsonwebtoken\jjwt-impl\0.12.6\jjwt-impl-0.12.6.jar;C:\Users\takwa\.m2\repository\io\jsonwebtoken\jjwt-jackson\0.12.6\jjwt-jackson-0.12.6.jar;C:\Users\takwa\.m2\repository\com\fasterxml\jackson\core\jackson-databind\2.21.1\jackson-databind-2.21.1.jar;C:\Users\takwa\.m2\repository\com\fasterxml\jackson\core\jackson-annotations\2.21\jackson-annotations-2.21.jar;C:\Users\takwa\.m2\repository\com\fasterxml\jackson\core\jackson-core\2.21.1\jackson-core-2.21.1.jar;C:\Users\takwa\.m2\repository\org\springframework\boot\spring-boot-starter-data-jpa\4.0.4\spring-boot-starter-data-jpa-4.0.4.jar;C:\Users\takwa\.m2\repository\org\springframework\boot\spring-boot-starter-jdbc\4.0.4\spring-boot-starter-jdbc-4.0.4.jar;C:\Users\takwa\.m2\repository\com\zaxxer\HikariCP\7.0.2\HikariCP-7.0.2.jar;C:\Users\takwa\.m2\repository\org\springframework\boot\spring-boot-data-jpa\4.0.4\spring-boot-data-jpa-4.0.4.jar;C:\Users\takwa\.m2\repository\org\springframework\boot\spring-boot-data-commons\4.0.4\spring-boot-data-commons-4.0.4.jar;C:\Users\takwa\.m2\repository\org\springframework\boot\spring-boot-persistence\4.0.4\spring-boot-persistence-4.0.4.jar;C:\Users\takwa\.m2\repository\org\springframework\data\spring-data-commons\4.0.4\spring-data-commons-4.0.4.jar;C:\Users\takwa\.m2\repository\org\springframework\boot\spring-boot-hibernate\4.0.4\spring-boot-hibernate-4.0.4.jar;C:\Users\takwa\.m2\repository\org\springframework\boot\spring-boot-jpa\4.0.4\spring-boot-jpa-4.0.4.jar;C:\Users\takwa\.m2\repository\jakarta\persistence\jakarta.persistence-api\3.2.0\jakarta.persistence-api-3.2.0.jar;C:\Users\takwa\.m2\repository\org\hibernate\orm\hibernate-core\7.2.7.Final\hibernate-core-7.2.7.Final.jar;C:\Users\takwa\.m2\repository\jakarta\transaction\jakarta.transaction-api\2.0.1\jakarta.transaction-api-2.0.1.jar;C:\Users\takwa\.m2\repository\org\hibernate\models\hibernate-models\1.0.1\hibernate-models-1.0.1.jar;C:\Users\takwa\.m2\repository\org\glassfish\jaxb\jaxb-runtime\4.0.6\jaxb-runtime-4.0.6.jar;C:\Users\takwa\.m2\repository\org\glassfish\jaxb\jaxb-core\4.0.6\jaxb-core-4.0.6.jar;C:\Users\takwa\.m2\repository\org\glassfish\jaxb\txw2\4.0.6\txw2-4.0.6.jar;C:\Users\takwa\.m2\repository\com\sun\istack\istack-commons-runtime\4.1.2\istack-commons-runtime-4.1.2.jar;C:\Users\takwa\.m2\repository\jakarta\inject\jakarta.inject-api\2.0.1\jakarta.inject-api-2.0.1.jar;C:\Users\takwa\.m2\repository\org\springframework\spring-orm\7.0.6\spring-orm-7.0.6.jar;C:\Users\takwa\.m2\repository\org\springframework\data\spring-data-jpa\4.0.4\spring-data-jpa-4.0.4.jar;C:\Users\takwa\.m2\repository\org\springframework\spring-tx\7.0.6\spring-tx-7.0.6.jar;C:\Users\takwa\.m2\repository\org\antlr\antlr4-runtime\4.13.2\antlr4-runtime-4.13.2.jar;C:\Users\takwa\.m2\repository\org\springframework\spring-aspects\7.0.6\spring-aspects-7.0.6.jar;C:\Users\takwa\.m2\repository\org\aspectj\aspectjweaver\1.9.25.1\aspectjweaver-1.9.25.1.jar;C:\Users\takwa\.m2\repository\org\springframework\boot\spring-boot-jdbc\4.0.4\spring-boot-jdbc-4.0.4.jar;C:\Users\takwa\.m2\repository\org\springframework\boot\spring-boot-sql\4.0.4\spring-boot-sql-4.0.4.jar;C:\Users\takwa\.m2\repository\org\springframework\boot\spring-boot-transaction\4.0.4\spring-boot-transaction-4.0.4.jar;C:\Users\takwa\.m2\repository\org\springframework\spring-jdbc\7.0.6\spring-jdbc-7.0.6.jar;C:\Users\takwa\.m2\repository\com\mysql\mysql-connector-j\9.6.0\mysql-connector-j-9.6.0.jar;C:\Users\takwa\.m2\repository\org\projectlombok\lombok\1.18.44\lombok-1.18.44.jar;C:\Users\takwa\.m2\repository\org\springframework\boot\spring-boot-devtools\4.0.4\spring-boot-devtools-4.0.4.jar;C:\Users\takwa\.m2\repository\org\springframework\boot\spring-boot\4.0.4\spring-boot-4.0.4.jar;C:\Users\takwa\.m2\repository\org\springframework\spring-context\7.0.6\spring-context-7.0.6.jar;C:\Users\takwa\.m2\repository\org\springframework\boot\spring-boot-autoconfigure\4.0.4\spring-boot-autoconfigure-4.0.4.jar;C:\Users\takwa\.m2\repository\org\slf4j\slf4j-api\2.0.17\slf4j-api-2.0.17.jar;C:\Users\takwa\.m2\repository\jakarta\xml\bind\jakarta.xml.bind-api\4.0.4\jakarta.xml.bind-api-4.0.4.jar;C:\Users\takwa\.m2\repository\jakarta\activation\jakarta.activation-api\2.1.4\jakarta.activation-api-2.1.4.jar;C:\Users\takwa\.m2\repository\net\bytebuddy\byte-buddy\1.17.8\byte-buddy-1.17.8.jar;C:\Users\takwa\.m2\repository\org\springframework\spring-core\7.0.6\spring-core-7.0.6.jar;C:\Users\takwa\.m2\repository\commons-logging\commons-logging\1.3.6\commons-logging-1.3.6.jar;C:\Users\takwa\.m2\repository\org\jspecify\jspecify\1.0.0\jspecify-1.0.0.jar
Launcher Type: SUN_STANDARD

[Global flags]
     intx CICompilerCount                          = 4                                         {product} {ergonomic}
     uint ConcGCThreads                            = 3                                         {product} {ergonomic}
     uint G1ConcRefinementThreads                  = 10                                        {product} {ergonomic}
   size_t G1HeapRegionSize                         = 1048576                                   {product} {ergonomic}
   size_t InitialHeapSize                          = 130023424                                 {product} {ergonomic}
   size_t MarkStackSize                            = 4194304                                   {product} {ergonomic}
   size_t MarkStackSizeMax                         = 536870912                                 {product} {ergonomic}
   size_t MaxHeapSize                              = 2076180480                                {product} {ergonomic}
   size_t MaxNewSize                               = 1245708288                                {product} {ergonomic}
   size_t MinHeapDeltaBytes                        = 1048576                                   {product} {ergonomic}
   size_t MinHeapSize                              = 8388608                                   {product} {ergonomic}
    uintx NonNMethodCodeHeapSize                   = 4096                                   {pd product} {ergonomic}
    uintx NonProfiledCodeHeapSize                  = 0                                      {pd product} {ergonomic}
     bool ProfileInterpreter                       = false                                  {pd product} {command line}
    uintx ProfiledCodeHeapSize                     = 0                                      {pd product} {ergonomic}
   size_t SoftMaxHeapSize                          = 2076180480                             {manageable} {ergonomic}
     intx TieredStopAtLevel                        = 1                                         {product} {command line}
     bool UseCompressedOops                        = true                           {product lp64_product} {ergonomic}
     bool UseG1GC                                  = true                                      {product} {ergonomic}
     bool UseLargePagesIndividualAllocation        = false                                  {pd product} {ergonomic}

Logging:
Log output configuration:
 #0: stdout all=warning uptime,level,tags foldmultilines=false
 #1: stderr all=off uptime,level,tags foldmultilines=false

Environment Variables:
JAVA_HOME=C:\Users\takwa\AppData\Local\Programs\Eclipse Adoptium\jdk-17.0.18.8-hotspot\
PATH=C:\Python312\Scripts\;C:\Python312\;C:\Program Files\Common Files\Oracle\Java\javapath;C:\Program Files\Java\jdk-23;C:\Users\takwa\Downloads\hadoop-3.3.6\hadoop-3.3.6;C:\Users\takwa\develop\flutter\bin;C:\Users\takwa\AppData\Local\Programs\Python\Python313\Scripts;C:\Users\takwa\AppData\Local\Programs\Python\Python313;C:\Users\takwa\AppData\Local\Microsoft\WindowsApps;C:\Users\takwa\AppData\Local\Programs\Microsoft VS Code\bin;C:\Users\takwa\AppData\Roaming\npm;C:\Users\takwa\.dotnet\tools;C:\Users\takwa\AppData\Local\GitHubDesktop\bin;C:\Program Files\dotnet\;C:\WINDOWS\system32;C:\WINDOWS;C:\WINDOWS\System32\Wbem;C:\WINDOWS\System32\WindowsPowerShell\v1.0\;C:\WINDOWS\System32\OpenSSH\;C:\apacheMaven\apache-maven-3.8.9;C:\minikube;C:\Program Files\Kubernetes\Minikube;C:\Program Files\Microsoft SQL Server\150\Tools\Binn\;C:\Program Files\Git\cmd;C:\WINDOWS\system32;C:\WINDOWS;C:\WINDOWS\System32\Wbem;C:\WINDOWS\System32\WindowsPowerShell\v1.0\;C:\WINDOWS\System32\OpenSSH\;C:\Program Files (x86)\Microsoft SQL Server\160\Tools\Binn\;C:\Program Files\Microsoft SQL Server\160\Tools\Binn\;C:\Program Files\Microsoft SQL Server\Client SDK\ODBC\170\Tools\Binn\;C:\Program Files\Microsoft SQL Server\160\DTS\Binn\;C:\Program Files (x86)\Microsoft SQL Server\160\DTS\Binn\;C:\Program Files\Azure Data Studio\bin;C:\Users\takwa\AppData\Local\Programs\Eclipse Adoptium\jdk-17.0.18.8-hotspot\bin;C:\Users\takwa\AppData\Local\Programs\Eclipse Adoptium\jdk-17.0.18.8-hotspot\bin;C:\Program Files\Java\jdk-23;C:\Program Files\nodejs;C:\Users\takwa\AppData\Roaming\npm;C:\Program Files\Docker\Docker\resources\bin;C:\hadoop-3.3.6\bin;C:\PROGRA~1\Java\jdk-1.8;C:\Users\takwa\develop\flutter\bin;C:\Users\takwa\AppData\Local\Microsoft\WindowsApps;C:\Users\takwa\AppData\Local\Programs\Microsoft VS Code\bin;C:\Users\takwa\AppData\Local\GitHubDesktop\bin;C:\apacheMaven\apache-maven-3.8.9\bin;C:\Program Files\Azure Data Studio\bin;C:\Program Files\JetBrains\IntelliJ IDEA 2025.3.4\bin;C:\Users\takwa\AppData\Local\Programs\Eclipse Adoptium\jdk-17.0.18.8-hotspot\\bin;C:\Users\takwa\AppData\Local\Python\bin
USERNAME=takwa
OS=Windows_NT
PROCESSOR_IDENTIFIER=Intel64 Family 6 Model 154 Stepping 4, GenuineIntel
TMP=C:\Users\takwa\AppData\Local\Temp
TEMP=C:\Users\takwa\AppData\Local\Temp




Periodic native trim disabled

---------------  S Y S T E M  ---------------

OS:
 Windows 11 , 64 bit Build 26100 (10.0.26100.8289)
OS uptime: 1 days 0:51 hours
Hyper-V role detected

CPU: total 12 (initial active 12) (6 cores per cpu, 2 threads per core) family 6 model 154 stepping 4 microcode 0x433, cx8, cmov, fxsr, ht, mmx, 3dnowpref, sse, sse2, sse3, ssse3, sse4.1, sse4.2, popcnt, lzcnt, tsc, tscinvbit, avx, avx2, aes, erms, clmul, bmi1, bmi2, adx, sha, fma, vzeroupper, clflush, clflushopt, clwb, hv, serialize, rdtscp, rdpid, fsrm, gfni, f16c, cet_ibt, cet_ss
Processor Information for processor 0
  Max Mhz: 1300, Current Mhz: 1300, Mhz Limit: 1300
Processor Information for processor 1
  Max Mhz: 1300, Current Mhz: 1300, Mhz Limit: 1300
Processor Information for processor 2
  Max Mhz: 1300, Current Mhz: 1300, Mhz Limit: 1300
Processor Information for processor 3
  Max Mhz: 1300, Current Mhz: 1300, Mhz Limit: 1300
Processor Information for processor 4
  Max Mhz: 900, Current Mhz: 900, Mhz Limit: 900
Processor Information for processor 5
  Max Mhz: 900, Current Mhz: 900, Mhz Limit: 900
Processor Information for processor 6
  Max Mhz: 900, Current Mhz: 900, Mhz Limit: 900
Processor Information for processor 7
  Max Mhz: 900, Current Mhz: 900, Mhz Limit: 900
Processor Information for processor 8
  Max Mhz: 900, Current Mhz: 900, Mhz Limit: 900
Processor Information for processor 9
  Max Mhz: 900, Current Mhz: 900, Mhz Limit: 900
Processor Information for processor 10
  Max Mhz: 900, Current Mhz: 900, Mhz Limit: 900
Processor Information for processor 11
  Max Mhz: 900, Current Mhz: 900, Mhz Limit: 900

Memory: 4k page, system-wide physical 7916M (234M free)
TotalPageFile size 32492M (AvailPageFile size 82M)
current process WorkingSet (physical memory assigned to process): 70M, peak: 526M
current process commit charge ("private bytes"): 463M, peak: 638M

vm_info: OpenJDK 64-Bit Server VM (23.0.2+7-58) for windows-amd64 JRE (23.0.2+7-58), built on 2024-11-29T09:34:55Z with MS VC++ 17.6 (VS2022)

END.
